#
# A fatal error has been detected by the Java Runtime Environment:
#
#  SIGSEGV (0xb) at pc=0x00007f6fd0cb0894, pid=15172, tid=140117481629440
#
# JRE version: OpenJDK Runtime Environment (8.0_45-b14) (build 1.8.0_45-internal-b14)
# Java VM: OpenJDK 64-Bit Server VM (25.45-b02 mixed mode linux-amd64 compressed oops)
# Problematic frame:
# V  [libjvm.so+0x69f894]  jni_GetStringUTFChars+0x64
#
# Failed to write core dump. Core dumps have been disabled. To enable core dumping, try "ulimit -c unlimited" before starting Java again
#
# If you would like to submit a bug report, please visit:
#   http://bugreport.java.com/bugreport/crash.jsp
#

---------------  T H R E A D  ---------------

Current thread (0x00007f6f64024800):  JavaThread "nREPL-worker-40" daemon [_thread_in_vm, id=17093, stack(0x00007f6fa4a82000,0x00007f6fa4b83000)]

siginfo: si_signo: 11 (SIGSEGV), si_code: 1 (SEGV_MAPERR), si_addr: 0x0000000000000000

Registers:
RAX=0x00007f6fd15758a4, RBX=0x00007f6f64024800, RCX=0x0000000000000000, RDX=0x00007f6fd15742aa
RSP=0x00007f6fa4b776e0, RBP=0x00007f6fa4b77760, RSI=0x0000000000000000, RDI=0x00007f6f64024800
R8 =0x00007f6f549ccd85, R9 =0x00007f6f549ccd85, R10=0x0000000000000000, R11=0x00000006c7ff87e8
R12=0x0000000000000000, R13=0x0000000000000000, R14=0x00007f6f640249e0, R15=0x00007f6f549ccd80
RIP=0x00007f6fd0cb0894, EFLAGS=0x0000000000010246, CSGSFS=0x2029000000000033, ERR=0x0000000000000004
  TRAPNO=0x000000000000000e

Top of Stack: (sp=0x00007f6fa4b776e0)
0x00007f6fa4b776e0:   00007f6f64024800 0000000000000000
0x00007f6fa4b776f0:   00007f6fa4b77710 00000000000000b6
0x00007f6fa4b77700:   0000000000000000 0000000000000000
0x00007f6fa4b77710:   0000000000000000 0000000000000000
0x00007f6fa4b77720:   0000000000000000 202916ae752de400
0x00007f6fa4b77730:   00007f6f00000000 00007f6f640249e0
0x00007f6fa4b77740:   00007f6f54a43cc0 0000000000000000
0x00007f6fa4b77750:   00007f6fa4b77850 00007f6f549ccd80
0x00007f6fa4b77760:   00007f6fa4b777b0 00007f6f45d10944
0x00007f6fa4b77770:   00007f6fa4b77790 00007f6f640223a0
0x00007f6fa4b77780:   00007f6f41a644f0 00007f6fa58ff5b0
0x00007f6fa4b77790:   0000000000000000 00007f6fa58ff5b0
0x00007f6fa4b777a0:   00007f6fa4b77860 00007f6f64024800
0x00007f6fa4b777b0:   00007f6fa4b77828 00007f6fb90134d4
0x00007f6fa4b777c0:   00007f6fa58b1978 00007f6f64024800
0x00007f6fa4b777d0:   00007f6fa4b77840 000000077b990598
0x00007f6fa4b777e0:   00007f6f54a43cc0 00007f6fa4b777e8
0x00007f6fa4b777f0:   0000000000000000 00007f6fa4b77860
0x00007f6fa4b77800:   00007f6fa5900068 0000000000000000
0x00007f6fa4b77810:   00007f6fa58ff5b0 0000000000000000
0x00007f6fa4b77820:   00007f6fa4b77848 00007f6fa4b778b0
0x00007f6fa4b77830:   00007f6fb90074a0 00000006c7857f60
0x00007f6fa4b77840:   00007f6fb900f2b7 0000000000000000
0x00007f6fa4b77850:   00000006c7ff87d0 00007f6f54a43cc0
0x00007f6fa4b77860:   000000077b99c4d8 000000077b99c4c0
0x00007f6fa4b77870:   00007f6fa4b77870 00007f6fa58fdf97
0x00007f6fa4b77880:   00007f6fa4b778e8 00007f6fa5900068
0x00007f6fa4b77890:   0000000000000000 00007f6fa58fe010
0x00007f6fa4b778a0:   00007f6fa4b77848 00007f6fa4b778d0
0x00007f6fa4b778b0:   00007f6fa4b77938 00007f6fb900798d
0x00007f6fa4b778c0:   0000000000000000 000000077b99c4d8
0x00007f6fa4b778d0:   0000000000000000 00000006c7ff87d0 

Instructions: (pc=0x00007f6fd0cb0894)
0x00007f6fd0cb0874:   08 00 48 89 5d 80 74 09 48 8d 7d 80 e8 fb 7b 29
0x00007f6fd0cb0884:   00 90 48 8d 15 1d 3a 8c 00 48 8d 05 10 50 8c 00
0x00007f6fd0cb0894:   4d 8b 3c 24 80 3a 00 48 63 00 0f 85 ac 00 00 00
0x00007f6fd0cb08a4:   49 8b 04 07 48 85 c0 0f 84 97 00 00 00 4c 8d 65 

Register to memory mapping:

RAX=0x00007f6fd15758a4: <offset 0xf648a4> in /usr/lib/jvm/java-8-openjdk-amd64/jre/lib/amd64/server/libjvm.so at 0x00007f6fd0611000
RBX=0x00007f6f64024800 is a thread
RCX=0x0000000000000000 is an unknown value
RDX=0x00007f6fd15742aa: <offset 0xf632aa> in /usr/lib/jvm/java-8-openjdk-amd64/jre/lib/amd64/server/libjvm.so at 0x00007f6fd0611000
RSP=0x00007f6fa4b776e0 is pointing into the stack for thread: 0x00007f6f64024800
RBP=0x00007f6fa4b77760 is pointing into the stack for thread: 0x00007f6f64024800
RSI=0x0000000000000000 is an unknown value
RDI=0x00007f6f64024800 is a thread
R8 =0x00007f6f549ccd85 is an unknown value
R9 =0x00007f6f549ccd85 is an unknown value
R10=0x0000000000000000 is an unknown value
R11=0x00000006c7ff87e8 is an oop
[C 
 - klass: {type array char}
 - length: 5
R12=0x0000000000000000 is an unknown value
R13=0x0000000000000000 is an unknown value
R14=0x00007f6f640249e0 is an unknown value
R15=0x00007f6f549ccd80 is an unknown value


Stack: [0x00007f6fa4a82000,0x00007f6fa4b83000],  sp=0x00007f6fa4b776e0,  free space=981k
Native frames: (J=compiled Java code, j=interpreted, Vv=VM code, C=native code)
V  [libjvm.so+0x69f894]  jni_GetStringUTFChars+0x64
C  [libtensorflow_jni4409775711555341884.so+0x294944]  Java_org_tensorflow_OperationBuilder_allocate+0x44
j  org.tensorflow.OperationBuilder.allocate(JLjava/lang/String;Ljava/lang/String;)J+0
j  org.tensorflow.OperationBuilder.<init>(Lorg/tensorflow/Graph;Ljava/lang/String;Ljava/lang/String;)V+23
j  org.tensorflow.Graph.opBuilder(Ljava/lang/String;Ljava/lang/String;)Lorg/tensorflow/OperationBuilder;+7
j  flojure_tens.thing$graph__GT_op_builder.invokeStatic(Ljava/lang/Object;Ljava/lang/Object;Ljava/lang/Object;)Ljava/lang/Object;+18
j  flojure_tens.thing$graph__GT_op_builder.invoke(Ljava/lang/Object;Ljava/lang/Object;Ljava/lang/Object;)Ljava/lang/Object;+9
J 443 C1 clojure.lang.AFn.applyToHelper(Lclojure/lang/IFn;Lclojure/lang/ISeq;)Ljava/lang/Object; (3238 bytes) @ 0x00007f6fb91c0bb4 [0x00007f6fb91bc920+0x4294]
J 414 C1 clojure.lang.AFn.applyTo(Lclojure/lang/ISeq;)Ljava/lang/Object; (12 bytes) @ 0x00007f6fb91aab74 [0x00007f6fb91aab40+0x34]
J 2141 C1 clojure.core$apply.invoke(Ljava/lang/Object;Ljava/lang/Object;)Ljava/lang/Object; (10 bytes) @ 0x00007f6fb953abdc [0x00007f6fb953ab40+0x9c]
j  com.billpiel.sayid.trace$trace_fn_call$fn__13431.invoke()Ljava/lang/Object;+27
j  com.billpiel.sayid.trace$trace_fn_call.invokeStatic(Ljava/lang/Object;Ljava/lang/Object;Ljava/lang/Object;Ljava/lang/Object;Ljava/lang/Object;)Ljava/lang/Object;+197
j  com.billpiel.sayid.trace$trace_fn_call.invoke(Ljava/lang/Object;Ljava/lang/Object;Ljava/lang/Object;Ljava/lang/Object;Ljava/lang/Object;)Ljava/lang/Object;+19
j  com.billpiel.sayid.trace$shallow_tracer$tracing_wrapper__13444.doInvoke(Ljava/lang/Object;)Ljava/lang/Object;+28
J 1572 C1 clojure.lang.RestFn.invoke(Ljava/lang/Object;Ljava/lang/Object;Ljava/lang/Object;)Ljava/lang/Object; (186 bytes) @ 0x00007f6fb941254c [0x00007f6fb9411ea0+0x6ac]
j  flojure_tens.thing$op_builder.invokeStatic(Ljava/lang/Object;Ljava/lang/Object;Ljava/lang/Object;Lclojure/lang/ISeq;)Ljava/lang/Object;+172
j  flojure_tens.thing$op_builder.doInvoke(Ljava/lang/Object;Ljava/lang/Object;Ljava/lang/Object;Ljava/lang/Object;)Ljava/lang/Object;+17
J 940 C1 clojure.lang.RestFn.applyTo(Lclojure/lang/ISeq;)Ljava/lang/Object; (3076 bytes) @ 0x00007f6fb92923ac [0x00007f6fb928ec80+0x372c]
J 2141 C1 clojure.core$apply.invoke(Ljava/lang/Object;Ljava/lang/Object;)Ljava/lang/Object; (10 bytes) @ 0x00007f6fb953abdc [0x00007f6fb953ab40+0x9c]
j  com.billpiel.sayid.trace$trace_fn_call$fn__13431.invoke()Ljava/lang/Object;+27
j  com.billpiel.sayid.trace$trace_fn_call.invokeStatic(Ljava/lang/Object;Ljava/lang/Object;Ljava/lang/Object;Ljava/lang/Object;Ljava/lang/Object;)Ljava/lang/Object;+197
j  com.billpiel.sayid.trace$trace_fn_call.invoke(Ljava/lang/Object;Ljava/lang/Object;Ljava/lang/Object;Ljava/lang/Object;Ljava/lang/Object;)Ljava/lang/Object;+19
j  com.billpiel.sayid.trace$shallow_tracer$tracing_wrapper__13444.doInvoke(Ljava/lang/Object;)Ljava/lang/Object;+28
J 2219 C1 clojure.lang.RestFn.invoke(Ljava/lang/Object;Ljava/lang/Object;Ljava/lang/Object;Ljava/lang/Object;)Ljava/lang/Object; (280 bytes) @ 0x00007f6fb955934c [0x00007f6fb95589a0+0x9ac]
j  flojure_tens.thing$const_STAR_.invokeStatic(Ljava/lang/Object;Ljava/lang/Object;)Ljava/lang/Object;+70
j  flojure_tens.thing$const_STAR_.invoke(Ljava/lang/Object;Ljava/lang/Object;)Ljava/lang/Object;+6
J 443 C1 clojure.lang.AFn.applyToHelper(Lclojure/lang/IFn;Lclojure/lang/ISeq;)Ljava/lang/Object; (3238 bytes) @ 0x00007f6fb91c0c3c [0x00007f6fb91bc920+0x431c]
J 414 C1 clojure.lang.AFn.applyTo(Lclojure/lang/ISeq;)Ljava/lang/Object; (12 bytes) @ 0x00007f6fb91aab74 [0x00007f6fb91aab40+0x34]
J 2141 C1 clojure.core$apply.invoke(Ljava/lang/Object;Ljava/lang/Object;)Ljava/lang/Object; (10 bytes) @ 0x00007f6fb953abdc [0x00007f6fb953ab40+0x9c]
j  com.billpiel.sayid.trace$trace_fn_call$fn__13431.invoke()Ljava/lang/Object;+27
j  com.billpiel.sayid.trace$trace_fn_call.invokeStatic(Ljava/lang/Object;Ljava/lang/Object;Ljava/lang/Object;Ljava/lang/Object;Ljava/lang/Object;)Ljava/lang/Object;+197
j  com.billpiel.sayid.trace$trace_fn_call.invoke(Ljava/lang/Object;Ljava/lang/Object;Ljava/lang/Object;Ljava/lang/Object;Ljava/lang/Object;)Ljava/lang/Object;+19
j  com.billpiel.sayid.trace$shallow_tracer$tracing_wrapper__13444.doInvoke(Ljava/lang/Object;)Ljava/lang/Object;+28
J 1452 C1 clojure.lang.RestFn.invoke(Ljava/lang/Object;Ljava/lang/Object;)Ljava/lang/Object; (119 bytes) @ 0x00007f6fb93bed24 [0x00007f6fb93be900+0x424]
j  flojure_tens.thing$__GT_graph_obj_STAR_.invokeStatic(Ljava/lang/Object;Ljava/lang/Object;)Ljava/lang/Object;+139
j  flojure_tens.thing$__GT_graph_obj_STAR_.invoke(Ljava/lang/Object;Ljava/lang/Object;)Ljava/lang/Object;+6
J 443 C1 clojure.lang.AFn.applyToHelper(Lclojure/lang/IFn;Lclojure/lang/ISeq;)Ljava/lang/Object; (3238 bytes) @ 0x00007f6fb91c0c3c [0x00007f6fb91bc920+0x431c]
J 414 C1 clojure.lang.AFn.applyTo(Lclojure/lang/ISeq;)Ljava/lang/Object; (12 bytes) @ 0x00007f6fb91aab74 [0x00007f6fb91aab40+0x34]
J 2141 C1 clojure.core$apply.invoke(Ljava/lang/Object;Ljava/lang/Object;)Ljava/lang/Object; (10 bytes) @ 0x00007f6fb953abdc [0x00007f6fb953ab40+0x9c]
j  com.billpiel.sayid.trace$trace_fn_call$fn__13431.invoke()Ljava/lang/Object;+27
j  com.billpiel.sayid.trace$trace_fn_call.invokeStatic(Ljava/lang/Object;Ljava/lang/Object;Ljava/lang/Object;Ljava/lang/Object;Ljava/lang/Object;)Ljava/lang/Object;+197
j  com.billpiel.sayid.trace$trace_fn_call.invoke(Ljava/lang/Object;Ljava/lang/Object;Ljava/lang/Object;Ljava/lang/Object;Ljava/lang/Object;)Ljava/lang/Object;+19
j  com.billpiel.sayid.trace$shallow_tracer$tracing_wrapper__13444.doInvoke(Ljava/lang/Object;)Ljava/lang/Object;+28
J 1452 C1 clojure.lang.RestFn.invoke(Ljava/lang/Object;Ljava/lang/Object;)Ljava/lang/Object; (119 bytes) @ 0x00007f6fb93bed24 [0x00007f6fb93be900+0x424]
J 1522 C1 clojure.core$partial$fn__6840.invoke(Ljava/lang/Object;)Ljava/lang/Object; (20 bytes) @ 0x00007f6fb940069c [0x00007f6fb9400600+0x9c]
J 678 C1 clojure.core$map$fn__6866.invoke()Ljava/lang/Object; (205 bytes) @ 0x00007f6fb9215c5c [0x00007f6fb9215840+0x41c]
J 626 C1 clojure.lang.LazySeq.sval()Ljava/lang/Object; (42 bytes) @ 0x00007f6fb920755c [0x00007f6fb9207440+0x11c]
J 614 C1 clojure.lang.LazySeq.seq()Lclojure/lang/ISeq; (53 bytes) @ 0x00007f6fb9203ea4 [0x00007f6fb9203da0+0x104]
J 498 C1 clojure.lang.RT.seq(Ljava/lang/Object;)Lclojure/lang/ISeq; (32 bytes) @ 0x00007f6fb91df8e4 [0x00007f6fb91df820+0xc4]
J 2141 C1 clojure.core$apply.invoke(Ljava/lang/Object;Ljava/lang/Object;)Ljava/lang/Object; (10 bytes) @ 0x00007f6fb953abc4 [0x00007f6fb953ab40+0x84]
j  flojure_tens.thing$__GT_graph_obj_STAR_.invokeStatic(Ljava/lang/Object;Ljava/lang/Object;)Ljava/lang/Object;+224
j  flojure_tens.thing$__GT_graph_obj_STAR_.invoke(Ljava/lang/Object;Ljava/lang/Object;)Ljava/lang/Object;+6
J 443 C1 clojure.lang.AFn.applyToHelper(Lclojure/lang/IFn;Lclojure/lang/ISeq;)Ljava/lang/Object; (3238 bytes) @ 0x00007f6fb91c0c3c [0x00007f6fb91bc920+0x431c]
J 414 C1 clojure.lang.AFn.applyTo(Lclojure/lang/ISeq;)Ljava/lang/Object; (12 bytes) @ 0x00007f6fb91aab74 [0x00007f6fb91aab40+0x34]
J 2141 C1 clojure.core$apply.invoke(Ljava/lang/Object;Ljava/lang/Object;)Ljava/lang/Object; (10 bytes) @ 0x00007f6fb953abdc [0x00007f6fb953ab40+0x9c]
j  com.billpiel.sayid.trace$trace_fn_call$fn__13431.invoke()Ljava/lang/Object;+27
j  com.billpiel.sayid.trace$trace_fn_call.invokeStatic(Ljava/lang/Object;Ljava/lang/Object;Ljava/lang/Object;Ljava/lang/Object;Ljava/lang/Object;)Ljava/lang/Object;+197
j  com.billpiel.sayid.trace$trace_fn_call.invoke(Ljava/lang/Object;Ljava/lang/Object;Ljava/lang/Object;Ljava/lang/Object;Ljava/lang/Object;)Ljava/lang/Object;+19
j  com.billpiel.sayid.trace$shallow_tracer$tracing_wrapper__13444.doInvoke(Ljava/lang/Object;)Ljava/lang/Object;+28
J 1452 C1 clojure.lang.RestFn.invoke(Ljava/lang/Object;Ljava/lang/Object;)Ljava/lang/Object; (119 bytes) @ 0x00007f6fb93bed24 [0x00007f6fb93be900+0x424]
j  flojure_tens.thing$__GT_graph_obj.invokeStatic(Ljava/lang/Object;)Ljava/lang/Object;+21
j  flojure_tens.thing$__GT_graph_obj.invoke(Ljava/lang/Object;)Ljava/lang/Object;+3
J 443 C1 clojure.lang.AFn.applyToHelper(Lclojure/lang/IFn;Lclojure/lang/ISeq;)Ljava/lang/Object; (3238 bytes) @ 0x00007f6fb91c0c8c [0x00007f6fb91bc920+0x436c]
J 414 C1 clojure.lang.AFn.applyTo(Lclojure/lang/ISeq;)Ljava/lang/Object; (12 bytes) @ 0x00007f6fb91aab74 [0x00007f6fb91aab40+0x34]
J 2141 C1 clojure.core$apply.invoke(Ljava/lang/Object;Ljava/lang/Object;)Ljava/lang/Object; (10 bytes) @ 0x00007f6fb953abdc [0x00007f6fb953ab40+0x9c]
j  com.billpiel.sayid.trace$trace_fn_call$fn__13431.invoke()Ljava/lang/Object;+27
j  com.billpiel.sayid.trace$trace_fn_call.invokeStatic(Ljava/lang/Object;Ljava/lang/Object;Ljava/lang/Object;Ljava/lang/Object;Ljava/lang/Object;)Ljava/lang/Object;+197
j  com.billpiel.sayid.trace$trace_fn_call.invoke(Ljava/lang/Object;Ljava/lang/Object;Ljava/lang/Object;Ljava/lang/Object;Ljava/lang/Object;)Ljava/lang/Object;+19
j  com.billpiel.sayid.trace$shallow_tracer$tracing_wrapper__13444.doInvoke(Ljava/lang/Object;)Ljava/lang/Object;+28
J 897 C1 clojure.lang.RestFn.invoke(Ljava/lang/Object;)Ljava/lang/Object; (73 bytes) @ 0x00007f6fb9279bb4 [0x00007f6fb92799a0+0x214]
j  flojure_tens.thing$run.invokeStatic(Ljava/lang/Object;)Ljava/lang/Object;+12
j  flojure_tens.thing$run.invoke(Ljava/lang/Object;)Ljava/lang/Object;+3
J 443 C1 clojure.lang.AFn.applyToHelper(Lclojure/lang/IFn;Lclojure/lang/ISeq;)Ljava/lang/Object; (3238 bytes) @ 0x00007f6fb91c0c8c [0x00007f6fb91bc920+0x436c]
J 414 C1 clojure.lang.AFn.applyTo(Lclojure/lang/ISeq;)Ljava/lang/Object; (12 bytes) @ 0x00007f6fb91aab74 [0x00007f6fb91aab40+0x34]
J 2141 C1 clojure.core$apply.invoke(Ljava/lang/Object;Ljava/lang/Object;)Ljava/lang/Object; (10 bytes) @ 0x00007f6fb953abdc [0x00007f6fb953ab40+0x9c]
j  com.billpiel.sayid.trace$trace_fn_call$fn__13431.invoke()Ljava/lang/Object;+27
j  com.billpiel.sayid.trace$trace_fn_call.invokeStatic(Ljava/lang/Object;Ljava/lang/Object;Ljava/lang/Object;Ljava/lang/Object;Ljava/lang/Object;)Ljava/lang/Object;+197
j  com.billpiel.sayid.trace$trace_fn_call.invoke(Ljava/lang/Object;Ljava/lang/Object;Ljava/lang/Object;Ljava/lang/Object;Ljava/lang/Object;)Ljava/lang/Object;+19
j  com.billpiel.sayid.trace$shallow_tracer$tracing_wrapper__13444.doInvoke(Ljava/lang/Object;)Ljava/lang/Object;+28
J 897 C1 clojure.lang.RestFn.invoke(Ljava/lang/Object;)Ljava/lang/Object; (73 bytes) @ 0x00007f6fb9279bb4 [0x00007f6fb92799a0+0x214]
j  flojure_tens.core$eval19522.invokeStatic()Ljava/lang/Object;+57
j  flojure_tens.core$eval19522.invoke()Ljava/lang/Object;+0
J 1340 C1 clojure.lang.Compiler.eval(Ljava/lang/Object;Z)Ljava/lang/Object; (393 bytes) @ 0x00007f6fb93716f4 [0x00007f6fb9370920+0xdd4]
j  clojure.lang.Compiler.eval(Ljava/lang/Object;)Ljava/lang/Object;+2
j  clojure.core$eval.invokeStatic(Ljava/lang/Object;)Ljava/lang/Object;+3
j  clojure.core$eval.invoke(Ljava/lang/Object;)Ljava/lang/Object;+3
j  clojure.main$repl$read_eval_print__9835$fn__9838.invoke()Ljava/lang/Object;+11
j  clojure.main$repl$read_eval_print__9835.invoke()Ljava/lang/Object;+178
J 3866 C1 clojure.main$repl$fn__9844.invoke()Ljava/lang/Object; (67 bytes) @ 0x00007f6fb98fbff4 [0x00007f6fb98fbf60+0x94]
j  clojure.main$repl.invokeStatic(Lclojure/lang/ISeq;)Ljava/lang/Object;+639
j  clojure.main$repl.doInvoke(Ljava/lang/Object;)Ljava/lang/Object;+6
J 3329 C1 clojure.lang.RestFn.invoke(Ljava/lang/Object;Ljava/lang/Object;Ljava/lang/Object;Ljava/lang/Object;Ljava/lang/Object;Ljava/lang/Object;Ljava/lang/Object;Ljava/lang/Object;Ljava/lang/Object;Ljava/lang/Object;Ljava/lang/Object;Ljava/lang/Object;Ljava/lang/Object;Ljava/lang/Object;)Ljava/lang/Object; (2421 bytes) @ 0x00007f6fb97a4edc [0x00007f6fb97a10e0+0x3dfc]
j  clojure.tools.nrepl.middleware.interruptible_eval$evaluate$fn__2271.invoke()Ljava/lang/Object;+305
J 443 C1 clojure.lang.AFn.applyToHelper(Lclojure/lang/IFn;Lclojure/lang/ISeq;)Ljava/lang/Object; (3238 bytes) @ 0x00007f6fb91c0cb4 [0x00007f6fb91bc920+0x4394]
J 414 C1 clojure.lang.AFn.applyTo(Lclojure/lang/ISeq;)Ljava/lang/Object; (12 bytes) @ 0x00007f6fb91aab74 [0x00007f6fb91aab40+0x34]
J 1076 C1 clojure.core$apply.invokeStatic(Ljava/lang/Object;Ljava/lang/Object;)Ljava/lang/Object; (21 bytes) @ 0x00007f6fb92e3afc [0x00007f6fb92e3a80+0x7c]
j  clojure.core$with_bindings_STAR_.invokeStatic(Ljava/lang/Object;Ljava/lang/Object;Lclojure/lang/ISeq;)Ljava/lang/Object;+13
j  clojure.core$with_bindings_STAR_.doInvoke(Ljava/lang/Object;Ljava/lang/Object;Ljava/lang/Object;)Ljava/lang/Object;+12
J 1452 C1 clojure.lang.RestFn.invoke(Ljava/lang/Object;Ljava/lang/Object;)Ljava/lang/Object; (119 bytes) @ 0x00007f6fb93be9ac [0x00007f6fb93be900+0xac]
j  clojure.tools.nrepl.middleware.interruptible_eval$evaluate.invokeStatic(Ljava/lang/Object;Ljava/lang/Object;)Ljava/lang/Object;+706
...<more frames>...

Java frames: (J=compiled Java code, j=interpreted, Vv=VM code)
j  org.tensorflow.OperationBuilder.allocate(JLjava/lang/String;Ljava/lang/String;)J+0
j  org.tensorflow.OperationBuilder.<init>(Lorg/tensorflow/Graph;Ljava/lang/String;Ljava/lang/String;)V+23
j  org.tensorflow.Graph.opBuilder(Ljava/lang/String;Ljava/lang/String;)Lorg/tensorflow/OperationBuilder;+7
j  flojure_tens.thing$graph__GT_op_builder.invokeStatic(Ljava/lang/Object;Ljava/lang/Object;Ljava/lang/Object;)Ljava/lang/Object;+18
j  flojure_tens.thing$graph__GT_op_builder.invoke(Ljava/lang/Object;Ljava/lang/Object;Ljava/lang/Object;)Ljava/lang/Object;+9
J 443 C1 clojure.lang.AFn.applyToHelper(Lclojure/lang/IFn;Lclojure/lang/ISeq;)Ljava/lang/Object; (3238 bytes) @ 0x00007f6fb91c0bb4 [0x00007f6fb91bc920+0x4294]
J 414 C1 clojure.lang.AFn.applyTo(Lclojure/lang/ISeq;)Ljava/lang/Object; (12 bytes) @ 0x00007f6fb91aab74 [0x00007f6fb91aab40+0x34]
J 2141 C1 clojure.core$apply.invoke(Ljava/lang/Object;Ljava/lang/Object;)Ljava/lang/Object; (10 bytes) @ 0x00007f6fb953abdc [0x00007f6fb953ab40+0x9c]
j  com.billpiel.sayid.trace$trace_fn_call$fn__13431.invoke()Ljava/lang/Object;+27
j  com.billpiel.sayid.trace$trace_fn_call.invokeStatic(Ljava/lang/Object;Ljava/lang/Object;Ljava/lang/Object;Ljava/lang/Object;Ljava/lang/Object;)Ljava/lang/Object;+197
j  com.billpiel.sayid.trace$trace_fn_call.invoke(Ljava/lang/Object;Ljava/lang/Object;Ljava/lang/Object;Ljava/lang/Object;Ljava/lang/Object;)Ljava/lang/Object;+19
j  com.billpiel.sayid.trace$shallow_tracer$tracing_wrapper__13444.doInvoke(Ljava/lang/Object;)Ljava/lang/Object;+28
J 1572 C1 clojure.lang.RestFn.invoke(Ljava/lang/Object;Ljava/lang/Object;Ljava/lang/Object;)Ljava/lang/Object; (186 bytes) @ 0x00007f6fb941254c [0x00007f6fb9411ea0+0x6ac]
j  flojure_tens.thing$op_builder.invokeStatic(Ljava/lang/Object;Ljava/lang/Object;Ljava/lang/Object;Lclojure/lang/ISeq;)Ljava/lang/Object;+172
j  flojure_tens.thing$op_builder.doInvoke(Ljava/lang/Object;Ljava/lang/Object;Ljava/lang/Object;Ljava/lang/Object;)Ljava/lang/Object;+17
J 940 C1 clojure.lang.RestFn.applyTo(Lclojure/lang/ISeq;)Ljava/lang/Object; (3076 bytes) @ 0x00007f6fb92923ac [0x00007f6fb928ec80+0x372c]
J 2141 C1 clojure.core$apply.invoke(Ljava/lang/Object;Ljava/lang/Object;)Ljava/lang/Object; (10 bytes) @ 0x00007f6fb953abdc [0x00007f6fb953ab40+0x9c]
j  com.billpiel.sayid.trace$trace_fn_call$fn__13431.invoke()Ljava/lang/Object;+27
j  com.billpiel.sayid.trace$trace_fn_call.invokeStatic(Ljava/lang/Object;Ljava/lang/Object;Ljava/lang/Object;Ljava/lang/Object;Ljava/lang/Object;)Ljava/lang/Object;+197
j  com.billpiel.sayid.trace$trace_fn_call.invoke(Ljava/lang/Object;Ljava/lang/Object;Ljava/lang/Object;Ljava/lang/Object;Ljava/lang/Object;)Ljava/lang/Object;+19
j  com.billpiel.sayid.trace$shallow_tracer$tracing_wrapper__13444.doInvoke(Ljava/lang/Object;)Ljava/lang/Object;+28
J 2219 C1 clojure.lang.RestFn.invoke(Ljava/lang/Object;Ljava/lang/Object;Ljava/lang/Object;Ljava/lang/Object;)Ljava/lang/Object; (280 bytes) @ 0x00007f6fb955934c [0x00007f6fb95589a0+0x9ac]
j  flojure_tens.thing$const_STAR_.invokeStatic(Ljava/lang/Object;Ljava/lang/Object;)Ljava/lang/Object;+70
j  flojure_tens.thing$const_STAR_.invoke(Ljava/lang/Object;Ljava/lang/Object;)Ljava/lang/Object;+6
J 443 C1 clojure.lang.AFn.applyToHelper(Lclojure/lang/IFn;Lclojure/lang/ISeq;)Ljava/lang/Object; (3238 bytes) @ 0x00007f6fb91c0c3c [0x00007f6fb91bc920+0x431c]
J 414 C1 clojure.lang.AFn.applyTo(Lclojure/lang/ISeq;)Ljava/lang/Object; (12 bytes) @ 0x00007f6fb91aab74 [0x00007f6fb91aab40+0x34]
J 2141 C1 clojure.core$apply.invoke(Ljava/lang/Object;Ljava/lang/Object;)Ljava/lang/Object; (10 bytes) @ 0x00007f6fb953abdc [0x00007f6fb953ab40+0x9c]
j  com.billpiel.sayid.trace$trace_fn_call$fn__13431.invoke()Ljava/lang/Object;+27
j  com.billpiel.sayid.trace$trace_fn_call.invokeStatic(Ljava/lang/Object;Ljava/lang/Object;Ljava/lang/Object;Ljava/lang/Object;Ljava/lang/Object;)Ljava/lang/Object;+197
j  com.billpiel.sayid.trace$trace_fn_call.invoke(Ljava/lang/Object;Ljava/lang/Object;Ljava/lang/Object;Ljava/lang/Object;Ljava/lang/Object;)Ljava/lang/Object;+19
j  com.billpiel.sayid.trace$shallow_tracer$tracing_wrapper__13444.doInvoke(Ljava/lang/Object;)Ljava/lang/Object;+28
J 1452 C1 clojure.lang.RestFn.invoke(Ljava/lang/Object;Ljava/lang/Object;)Ljava/lang/Object; (119 bytes) @ 0x00007f6fb93bed24 [0x00007f6fb93be900+0x424]
j  flojure_tens.thing$__GT_graph_obj_STAR_.invokeStatic(Ljava/lang/Object;Ljava/lang/Object;)Ljava/lang/Object;+139
j  flojure_tens.thing$__GT_graph_obj_STAR_.invoke(Ljava/lang/Object;Ljava/lang/Object;)Ljava/lang/Object;+6
J 443 C1 clojure.lang.AFn.applyToHelper(Lclojure/lang/IFn;Lclojure/lang/ISeq;)Ljava/lang/Object; (3238 bytes) @ 0x00007f6fb91c0c3c [0x00007f6fb91bc920+0x431c]
J 414 C1 clojure.lang.AFn.applyTo(Lclojure/lang/ISeq;)Ljava/lang/Object; (12 bytes) @ 0x00007f6fb91aab74 [0x00007f6fb91aab40+0x34]
J 2141 C1 clojure.core$apply.invoke(Ljava/lang/Object;Ljava/lang/Object;)Ljava/lang/Object; (10 bytes) @ 0x00007f6fb953abdc [0x00007f6fb953ab40+0x9c]
j  com.billpiel.sayid.trace$trace_fn_call$fn__13431.invoke()Ljava/lang/Object;+27
j  com.billpiel.sayid.trace$trace_fn_call.invokeStatic(Ljava/lang/Object;Ljava/lang/Object;Ljava/lang/Object;Ljava/lang/Object;Ljava/lang/Object;)Ljava/lang/Object;+197
j  com.billpiel.sayid.trace$trace_fn_call.invoke(Ljava/lang/Object;Ljava/lang/Object;Ljava/lang/Object;Ljava/lang/Object;Ljava/lang/Object;)Ljava/lang/Object;+19
j  com.billpiel.sayid.trace$shallow_tracer$tracing_wrapper__13444.doInvoke(Ljava/lang/Object;)Ljava/lang/Object;+28
J 1452 C1 clojure.lang.RestFn.invoke(Ljava/lang/Object;Ljava/lang/Object;)Ljava/lang/Object; (119 bytes) @ 0x00007f6fb93bed24 [0x00007f6fb93be900+0x424]
J 1522 C1 clojure.core$partial$fn__6840.invoke(Ljava/lang/Object;)Ljava/lang/Object; (20 bytes) @ 0x00007f6fb940069c [0x00007f6fb9400600+0x9c]
J 678 C1 clojure.core$map$fn__6866.invoke()Ljava/lang/Object; (205 bytes) @ 0x00007f6fb9215c5c [0x00007f6fb9215840+0x41c]
J 626 C1 clojure.lang.LazySeq.sval()Ljava/lang/Object; (42 bytes) @ 0x00007f6fb920755c [0x00007f6fb9207440+0x11c]
J 614 C1 clojure.lang.LazySeq.seq()Lclojure/lang/ISeq; (53 bytes) @ 0x00007f6fb9203ea4 [0x00007f6fb9203da0+0x104]
J 498 C1 clojure.lang.RT.seq(Ljava/lang/Object;)Lclojure/lang/ISeq; (32 bytes) @ 0x00007f6fb91df8e4 [0x00007f6fb91df820+0xc4]
J 2141 C1 clojure.core$apply.invoke(Ljava/lang/Object;Ljava/lang/Object;)Ljava/lang/Object; (10 bytes) @ 0x00007f6fb953abc4 [0x00007f6fb953ab40+0x84]
j  flojure_tens.thing$__GT_graph_obj_STAR_.invokeStatic(Ljava/lang/Object;Ljava/lang/Object;)Ljava/lang/Object;+224
j  flojure_tens.thing$__GT_graph_obj_STAR_.invoke(Ljava/lang/Object;Ljava/lang/Object;)Ljava/lang/Object;+6
J 443 C1 clojure.lang.AFn.applyToHelper(Lclojure/lang/IFn;Lclojure/lang/ISeq;)Ljava/lang/Object; (3238 bytes) @ 0x00007f6fb91c0c3c [0x00007f6fb91bc920+0x431c]
J 414 C1 clojure.lang.AFn.applyTo(Lclojure/lang/ISeq;)Ljava/lang/Object; (12 bytes) @ 0x00007f6fb91aab74 [0x00007f6fb91aab40+0x34]
J 2141 C1 clojure.core$apply.invoke(Ljava/lang/Object;Ljava/lang/Object;)Ljava/lang/Object; (10 bytes) @ 0x00007f6fb953abdc [0x00007f6fb953ab40+0x9c]
j  com.billpiel.sayid.trace$trace_fn_call$fn__13431.invoke()Ljava/lang/Object;+27
j  com.billpiel.sayid.trace$trace_fn_call.invokeStatic(Ljava/lang/Object;Ljava/lang/Object;Ljava/lang/Object;Ljava/lang/Object;Ljava/lang/Object;)Ljava/lang/Object;+197
j  com.billpiel.sayid.trace$trace_fn_call.invoke(Ljava/lang/Object;Ljava/lang/Object;Ljava/lang/Object;Ljava/lang/Object;Ljava/lang/Object;)Ljava/lang/Object;+19
j  com.billpiel.sayid.trace$shallow_tracer$tracing_wrapper__13444.doInvoke(Ljava/lang/Object;)Ljava/lang/Object;+28
J 1452 C1 clojure.lang.RestFn.invoke(Ljava/lang/Object;Ljava/lang/Object;)Ljava/lang/Object; (119 bytes) @ 0x00007f6fb93bed24 [0x00007f6fb93be900+0x424]
j  flojure_tens.thing$__GT_graph_obj.invokeStatic(Ljava/lang/Object;)Ljava/lang/Object;+21
j  flojure_tens.thing$__GT_graph_obj.invoke(Ljava/lang/Object;)Ljava/lang/Object;+3
J 443 C1 clojure.lang.AFn.applyToHelper(Lclojure/lang/IFn;Lclojure/lang/ISeq;)Ljava/lang/Object; (3238 bytes) @ 0x00007f6fb91c0c8c [0x00007f6fb91bc920+0x436c]
J 414 C1 clojure.lang.AFn.applyTo(Lclojure/lang/ISeq;)Ljava/lang/Object; (12 bytes) @ 0x00007f6fb91aab74 [0x00007f6fb91aab40+0x34]
J 2141 C1 clojure.core$apply.invoke(Ljava/lang/Object;Ljava/lang/Object;)Ljava/lang/Object; (10 bytes) @ 0x00007f6fb953abdc [0x00007f6fb953ab40+0x9c]
j  com.billpiel.sayid.trace$trace_fn_call$fn__13431.invoke()Ljava/lang/Object;+27
j  com.billpiel.sayid.trace$trace_fn_call.invokeStatic(Ljava/lang/Object;Ljava/lang/Object;Ljava/lang/Object;Ljava/lang/Object;Ljava/lang/Object;)Ljava/lang/Object;+197
j  com.billpiel.sayid.trace$trace_fn_call.invoke(Ljava/lang/Object;Ljava/lang/Object;Ljava/lang/Object;Ljava/lang/Object;Ljava/lang/Object;)Ljava/lang/Object;+19
j  com.billpiel.sayid.trace$shallow_tracer$tracing_wrapper__13444.doInvoke(Ljava/lang/Object;)Ljava/lang/Object;+28
J 897 C1 clojure.lang.RestFn.invoke(Ljava/lang/Object;)Ljava/lang/Object; (73 bytes) @ 0x00007f6fb9279bb4 [0x00007f6fb92799a0+0x214]
j  flojure_tens.thing$run.invokeStatic(Ljava/lang/Object;)Ljava/lang/Object;+12
j  flojure_tens.thing$run.invoke(Ljava/lang/Object;)Ljava/lang/Object;+3
J 443 C1 clojure.lang.AFn.applyToHelper(Lclojure/lang/IFn;Lclojure/lang/ISeq;)Ljava/lang/Object; (3238 bytes) @ 0x00007f6fb91c0c8c [0x00007f6fb91bc920+0x436c]
J 414 C1 clojure.lang.AFn.applyTo(Lclojure/lang/ISeq;)Ljava/lang/Object; (12 bytes) @ 0x00007f6fb91aab74 [0x00007f6fb91aab40+0x34]
J 2141 C1 clojure.core$apply.invoke(Ljava/lang/Object;Ljava/lang/Object;)Ljava/lang/Object; (10 bytes) @ 0x00007f6fb953abdc [0x00007f6fb953ab40+0x9c]
j  com.billpiel.sayid.trace$trace_fn_call$fn__13431.invoke()Ljava/lang/Object;+27
j  com.billpiel.sayid.trace$trace_fn_call.invokeStatic(Ljava/lang/Object;Ljava/lang/Object;Ljava/lang/Object;Ljava/lang/Object;Ljava/lang/Object;)Ljava/lang/Object;+197
j  com.billpiel.sayid.trace$trace_fn_call.invoke(Ljava/lang/Object;Ljava/lang/Object;Ljava/lang/Object;Ljava/lang/Object;Ljava/lang/Object;)Ljava/lang/Object;+19
j  com.billpiel.sayid.trace$shallow_tracer$tracing_wrapper__13444.doInvoke(Ljava/lang/Object;)Ljava/lang/Object;+28
J 897 C1 clojure.lang.RestFn.invoke(Ljava/lang/Object;)Ljava/lang/Object; (73 bytes) @ 0x00007f6fb9279bb4 [0x00007f6fb92799a0+0x214]
j  flojure_tens.core$eval19522.invokeStatic()Ljava/lang/Object;+57
j  flojure_tens.core$eval19522.invoke()Ljava/lang/Object;+0
J 1340 C1 clojure.lang.Compiler.eval(Ljava/lang/Object;Z)Ljava/lang/Object; (393 bytes) @ 0x00007f6fb93716f4 [0x00007f6fb9370920+0xdd4]
j  clojure.lang.Compiler.eval(Ljava/lang/Object;)Ljava/lang/Object;+2
j  clojure.core$eval.invokeStatic(Ljava/lang/Object;)Ljava/lang/Object;+3
j  clojure.core$eval.invoke(Ljava/lang/Object;)Ljava/lang/Object;+3
j  clojure.main$repl$read_eval_print__9835$fn__9838.invoke()Ljava/lang/Object;+11
j  clojure.main$repl$read_eval_print__9835.invoke()Ljava/lang/Object;+178
J 3866 C1 clojure.main$repl$fn__9844.invoke()Ljava/lang/Object; (67 bytes) @ 0x00007f6fb98fbff4 [0x00007f6fb98fbf60+0x94]
j  clojure.main$repl.invokeStatic(Lclojure/lang/ISeq;)Ljava/lang/Object;+639
j  clojure.main$repl.doInvoke(Ljava/lang/Object;)Ljava/lang/Object;+6
J 3329 C1 clojure.lang.RestFn.invoke(Ljava/lang/Object;Ljava/lang/Object;Ljava/lang/Object;Ljava/lang/Object;Ljava/lang/Object;Ljava/lang/Object;Ljava/lang/Object;Ljava/lang/Object;Ljava/lang/Object;Ljava/lang/Object;Ljava/lang/Object;Ljava/lang/Object;Ljava/lang/Object;Ljava/lang/Object;)Ljava/lang/Object; (2421 bytes) @ 0x00007f6fb97a4edc [0x00007f6fb97a10e0+0x3dfc]
j  clojure.tools.nrepl.middleware.interruptible_eval$evaluate$fn__2271.invoke()Ljava/lang/Object;+305
J 443 C1 clojure.lang.AFn.applyToHelper(Lclojure/lang/IFn;Lclojure/lang/ISeq;)Ljava/lang/Object; (3238 bytes) @ 0x00007f6fb91c0cb4 [0x00007f6fb91bc920+0x4394]
J 414 C1 clojure.lang.AFn.applyTo(Lclojure/lang/ISeq;)Ljava/lang/Object; (12 bytes) @ 0x00007f6fb91aab74 [0x00007f6fb91aab40+0x34]
J 1076 C1 clojure.core$apply.invokeStatic(Ljava/lang/Object;Ljava/lang/Object;)Ljava/lang/Object; (21 bytes) @ 0x00007f6fb92e3afc [0x00007f6fb92e3a80+0x7c]
j  clojure.core$with_bindings_STAR_.invokeStatic(Ljava/lang/Object;Ljava/lang/Object;Lclojure/lang/ISeq;)Ljava/lang/Object;+13
j  clojure.core$with_bindings_STAR_.doInvoke(Ljava/lang/Object;Ljava/lang/Object;Ljava/lang/Object;)Ljava/lang/Object;+12
J 1452 C1 clojure.lang.RestFn.invoke(Ljava/lang/Object;Ljava/lang/Object;)Ljava/lang/Object; (119 bytes) @ 0x00007f6fb93be9ac [0x00007f6fb93be900+0xac]
j  clojure.tools.nrepl.middleware.interruptible_eval$evaluate.invokeStatic(Ljava/lang/Object;Ljava/lang/Object;)Ljava/lang/Object;+706
j  clojure.tools.nrepl.middleware.interruptible_eval$evaluate.invoke(Ljava/lang/Object;Ljava/lang/Object;)Ljava/lang/Object;+6
j  clojure.tools.nrepl.middleware.interruptible_eval$interruptible_eval$fn__2316$fn__2319.invoke()Ljava/lang/Object;+105
j  clojure.tools.nrepl.middleware.interruptible_eval$run_next$fn__2311.invoke()Ljava/lang/Object;+7
j  clojure.lang.AFn.run()V+1
j  java.util.concurrent.ThreadPoolExecutor.runWorker(Ljava/util/concurrent/ThreadPoolExecutor$Worker;)V+95
j  java.util.concurrent.ThreadPoolExecutor$Worker.run()V+5
j  java.lang.Thread.run()V+11
v  ~StubRoutines::call_stub

---------------  P R O C E S S  ---------------

Java Threads: ( => current thread )
=>0x00007f6f64024800 JavaThread "nREPL-worker-40" daemon [_thread_in_vm, id=17093, stack(0x00007f6fa4a82000,0x00007f6fa4b83000)]
  0x00007f6f74003000 JavaThread "clojure-agent-send-off-pool-28" [_thread_blocked, id=17042, stack(0x00007f6fa4e86000,0x00007f6fa4f87000)]
  0x00007f6f70178000 JavaThread "clojure-agent-send-off-pool-10" [_thread_in_native, id=15505, stack(0x00007f6fa5088000,0x00007f6fa5189000)]
  0x00007f6f70175800 JavaThread "clojure-agent-send-off-pool-9" [_thread_blocked, id=15504, stack(0x00007f6fa6e1b000,0x00007f6fa6f1c000)]
  0x00007f6f5440f000 JavaThread "clojure-agent-send-pool-5" daemon [_thread_blocked, id=15235, stack(0x00007f6fa42ff000,0x00007f6fa4400000)]
  0x00007f6f5400f800 JavaThread "clojure-agent-send-pool-4" daemon [_thread_blocked, id=15230, stack(0x00007f6fa4880000,0x00007f6fa4981000)]
  0x00007f6f54017000 JavaThread "clojure-agent-send-pool-3" daemon [_thread_blocked, id=15229, stack(0x00007f6fa4981000,0x00007f6fa4a82000)]
  0x00007f6f5c001800 JavaThread "clojure-agent-send-pool-2" daemon [_thread_blocked, id=15218, stack(0x00007f6fa4b83000,0x00007f6fa4c84000)]
  0x00007f6f64004000 JavaThread "clojure-agent-send-pool-1" daemon [_thread_blocked, id=15204, stack(0x00007f6fa4c84000,0x00007f6fa4d85000)]
  0x00007f6f64002800 JavaThread "clojure-agent-send-pool-0" daemon [_thread_blocked, id=15203, stack(0x00007f6fa4d85000,0x00007f6fa4e86000)]
  0x00007f6f68001000 JavaThread "clojure-agent-send-off-pool-4" [_thread_in_native, id=15200, stack(0x00007f6fa4f87000,0x00007f6fa5088000)]
  0x00007f6f70008800 JavaThread "clojure-agent-send-off-pool-2" [_thread_blocked, id=15198, stack(0x00007f6fa5189000,0x00007f6fa528a000)]
  0x00007f6fc8389000 JavaThread "clojure-agent-send-off-pool-0" [_thread_in_native, id=15192, stack(0x00007f6fa6f1c000,0x00007f6fa701d000)]
  0x00007f6fc80bf000 JavaThread "Service Thread" daemon [_thread_blocked, id=15190, stack(0x00007f6fac0ae000,0x00007f6fac1af000)]
  0x00007f6fc80b1000 JavaThread "C1 CompilerThread2" daemon [_thread_blocked, id=15189, stack(0x00007f6fac1af000,0x00007f6fac2b0000)]
  0x00007f6fc80af800 JavaThread "C2 CompilerThread1" daemon [_thread_blocked, id=15188, stack(0x00007f6fb804c000,0x00007f6fb814d000)]
  0x00007f6fc80ac800 JavaThread "C2 CompilerThread0" daemon [_thread_blocked, id=15187, stack(0x00007f6fb814d000,0x00007f6fb824e000)]
  0x00007f6fc80aa800 JavaThread "Signal Dispatcher" daemon [_thread_blocked, id=15186, stack(0x00007f6fb824e000,0x00007f6fb834f000)]
  0x00007f6fc807f800 JavaThread "Finalizer" daemon [_thread_blocked, id=15185, stack(0x00007f6fb834f000,0x00007f6fb8450000)]
  0x00007f6fc807d800 JavaThread "Reference Handler" daemon [_thread_blocked, id=15184, stack(0x00007f6fb8450000,0x00007f6fb8551000)]
  0x00007f6fc800a800 JavaThread "main" [_thread_blocked, id=15174, stack(0x00007f6fd22a1000,0x00007f6fd23a2000)]

Other Threads:
  0x00007f6fc8078000 VMThread [stack: 0x00007f6fb8551000,0x00007f6fb8652000] [id=15183]
  0x00007f6fc80c1800 WatcherThread [stack: 0x00007f6fa781d000,0x00007f6fa791e000] [id=15191]

VM state:not at safepoint (normal execution)

VM Mutex/Monitor currently owned by a thread: None

Heap:
 PSYoungGen      total 581120K, used 250036K [0x000000076c780000, 0x0000000791800000, 0x00000007c0000000)
  eden space 563200K, 44% used [0x000000076c780000,0x000000077ba753a0,0x000000078ed80000)
  from space 17920K, 6% used [0x000000078ff80000,0x00000007900b8000,0x0000000791100000)
  to   space 18432K, 0% used [0x000000078ed80000,0x000000078ed80000,0x000000078ff80000)
 ParOldGen       total 235520K, used 43711K [0x00000006c5600000, 0x00000006d3c00000, 0x000000076c780000)
  object space 235520K, 18% used [0x00000006c5600000,0x00000006c80affe0,0x00000006d3c00000)
 Metaspace       used 44296K, capacity 62926K, committed 63272K, reserved 1093632K
  class space    used 13438K, capacity 19913K, committed 20008K, reserved 1048576K

Card table byte_map: [0x00007f6fce1be000,0x00007f6fce994000] byte_map_base: 0x00007f6fcab93000

Marking Bits: (ParMarkBitMap*) 0x00007f6fd157de80
 Begin Bits: [0x00007f6fac2b0000, 0x00007f6fb0158000)
 End Bits:   [0x00007f6fb0158000, 0x00007f6fb4000000)

Polling page: 0x00007f6fd23cf000

CodeCache: size=245760Kb used=9437Kb max_used=9437Kb free=236323Kb
 bounds [0x00007f6fb9000000, 0x00007f6fb9940000, 0x00007f6fc8000000]
 total_blobs=4283 nmethods=3920 adapters=278
 compilation: enabled

Compilation events (10 events):
Event: 12053.119 Thread 0x00007f6fc80b1000 3944       1       tamarin.core$pass2_scalar::invoke (18 bytes)
Event: 12053.119 Thread 0x00007f6fc80b1000 nmethod 3944 0x00007f6fb9936510 code [0x00007f6fb9936680, 0x00007f6fb99367c8]
Event: 12053.122 Thread 0x00007f6fc80b1000 3949       1       com.billpiel.sayid.string_output2$buffer_lines_to_width$fn__14348::invoke (158 bytes)
Event: 12053.123 Thread 0x00007f6fc80b1000 nmethod 3949 0x00007f6fb9936850 code [0x00007f6fb9936b00, 0x00007f6fb99375b8]
Event: 12072.293 Thread 0x00007f6fc80b1000 3952       1       java.util.concurrent.locks.AbstractQueuedSynchronizer::compareAndSetWaitStatus (13 bytes)
Event: 12072.294 Thread 0x00007f6fc80b1000 nmethod 3952 0x00007f6fb9937d90 code [0x00007f6fb9937ee0, 0x00007f6fb9937ff0]
Event: 12072.294 Thread 0x00007f6fc80b1000 3950       1       java.util.concurrent.locks.AbstractQueuedSynchronizer$ConditionObject::signal (33 bytes)
Event: 12072.294 Thread 0x00007f6fc80b1000 nmethod 3950 0x00007f6fb9938050 code [0x00007f6fb99381e0, 0x00007f6fb99383e8]
Event: 12072.294 Thread 0x00007f6fc80b1000 3951       1       java.util.concurrent.locks.ReentrantLock$Sync::isHeldExclusively (16 bytes)
Event: 12072.294 Thread 0x00007f6fc80b1000 nmethod 3951 0x00007f6fb99384d0 code [0x00007f6fb9938620, 0x00007f6fb9938750]

GC Heap History (10 events):
Event: 49.991 GC heap before
{Heap before GC invocations=13 (full 2):
 PSYoungGen      total 415744K, used 415651K [0x000000076c780000, 0x0000000788f80000, 0x00000007c0000000)
  eden space 410112K, 100% used [0x000000076c780000,0x0000000785800000,0x0000000785800000)
  from space 5632K, 98% used [0x0000000788a00000,0x0000000788f68c10,0x0000000788f80000)
  to   space 14848K, 0% used [0x0000000787280000,0x0000000787280000,0x0000000788100000)
 ParOldGen       total 161280K, used 25864K [0x00000006c5600000, 0x00000006cf380000, 0x000000076c780000)
  object space 161280K, 16% used [0x00000006c5600000,0x00000006c6f42198,0x00000006cf380000)
 Metaspace       used 39806K, capacity 55658K, committed 55848K, reserved 1087488K
  class space    used 11853K, capacity 17351K, committed 17448K, reserved 1048576K
Event: 50.010 GC heap after
Heap after GC invocations=13 (full 2):
 PSYoungGen      total 452096K, used 11145K [0x000000076c780000, 0x000000078cb00000, 0x00000007c0000000)
  eden space 437248K, 0% used [0x000000076c780000,0x000000076c780000,0x0000000787280000)
  from space 14848K, 75% used [0x0000000787280000,0x0000000787d62638,0x0000000788100000)
  to   space 15360K, 0% used [0x000000078bc00000,0x000000078bc00000,0x000000078cb00000)
 ParOldGen       total 161280K, used 25872K [0x00000006c5600000, 0x00000006cf380000, 0x000000076c780000)
  object space 161280K, 16% used [0x00000006c5600000,0x00000006c6f44198,0x00000006cf380000)
 Metaspace       used 39806K, capacity 55658K, committed 55848K, reserved 1087488K
  class space    used 11853K, capacity 17351K, committed 17448K, reserved 1048576K
}
Event: 2360.500 GC heap before
{Heap before GC invocations=14 (full 2):
 PSYoungGen      total 452096K, used 448393K [0x000000076c780000, 0x000000078cb00000, 0x00000007c0000000)
  eden space 437248K, 100% used [0x000000076c780000,0x0000000787280000,0x0000000787280000)
  from space 14848K, 75% used [0x0000000787280000,0x0000000787d62638,0x0000000788100000)
  to   space 15360K, 0% used [0x000000078bc00000,0x000000078bc00000,0x000000078cb00000)
 ParOldGen       total 161280K, used 25872K [0x00000006c5600000, 0x00000006cf380000, 0x000000076c780000)
  object space 161280K, 16% used [0x00000006c5600000,0x00000006c6f44198,0x00000006cf380000)
 Metaspace       used 41465K, capacity 58448K, committed 58664K, reserved 1089536K
  class space    used 12410K, capacity 18353K, committed 18472K, reserved 1048576K
Event: 2360.525 GC heap after
Heap after GC invocations=14 (full 2):
 PSYoungGen      total 509440K, used 15328K [0x000000076c780000, 0x000000078e100000, 0x00000007c0000000)
  eden space 494080K, 0% used [0x000000076c780000,0x000000076c780000,0x000000078aa00000)
  from space 15360K, 99% used [0x000000078bc00000,0x000000078caf8070,0x000000078cb00000)
  to   space 18432K, 0% used [0x000000078aa00000,0x000000078aa00000,0x000000078bc00000)
 ParOldGen       total 161280K, used 29297K [0x00000006c5600000, 0x00000006cf380000, 0x000000076c780000)
  object space 161280K, 18% used [0x00000006c5600000,0x00000006c729c6b0,0x00000006cf380000)
 Metaspace       used 41465K, capacity 58448K, committed 58664K, reserved 1089536K
  class space    used 12410K, capacity 18353K, committed 18472K, reserved 1048576K
}
Event: 3817.956 GC heap before
{Heap before GC invocations=15 (full 2):
 PSYoungGen      total 509440K, used 93124K [0x000000076c780000, 0x000000078e100000, 0x00000007c0000000)
  eden space 494080K, 15% used [0x000000076c780000,0x0000000771379318,0x000000078aa00000)
  from space 15360K, 99% used [0x000000078bc00000,0x000000078caf8070,0x000000078cb00000)
  to   space 18432K, 0% used [0x000000078aa00000,0x000000078aa00000,0x000000078bc00000)
 ParOldGen       total 161280K, used 29297K [0x00000006c5600000, 0x00000006cf380000, 0x000000076c780000)
  object space 161280K, 18% used [0x00000006c5600000,0x00000006c729c6b0,0x00000006cf380000)
 Metaspace       used 41946K, capacity 59152K, committed 59160K, reserved 1089536K
  class space    used 12568K, capacity 18595K, committed 18600K, reserved 1048576K
Event: 3817.971 GC heap after
Heap after GC invocations=15 (full 2):
 PSYoungGen      total 512512K, used 10960K [0x000000076c780000, 0x0000000791100000, 0x00000007c0000000)
  eden space 494080K, 0% used [0x000000076c780000,0x000000076c780000,0x000000078aa00000)
  from space 18432K, 59% used [0x000000078aa00000,0x000000078b4b4070,0x000000078bc00000)
  to   space 17920K, 0% used [0x000000078ff80000,0x000000078ff80000,0x0000000791100000)
 ParOldGen       total 161280K, used 34225K [0x00000006c5600000, 0x00000006cf380000, 0x000000076c780000)
  object space 161280K, 21% used [0x00000006c5600000,0x00000006c776c6c0,0x00000006cf380000)
 Metaspace       used 41946K, capacity 59152K, committed 59160K, reserved 1089536K
  class space    used 12568K, capacity 18595K, committed 18600K, reserved 1048576K
}
Event: 3817.971 GC heap before
{Heap before GC invocations=16 (full 3):
 PSYoungGen      total 512512K, used 10960K [0x000000076c780000, 0x0000000791100000, 0x00000007c0000000)
  eden space 494080K, 0% used [0x000000076c780000,0x000000076c780000,0x000000078aa00000)
  from space 18432K, 59% used [0x000000078aa00000,0x000000078b4b4070,0x000000078bc00000)
  to   space 17920K, 0% used [0x000000078ff80000,0x000000078ff80000,0x0000000791100000)
 ParOldGen       total 161280K, used 34225K [0x00000006c5600000, 0x00000006cf380000, 0x000000076c780000)
  object space 161280K, 21% used [0x00000006c5600000,0x00000006c776c6c0,0x00000006cf380000)
 Metaspace       used 41946K, capacity 59152K, committed 59160K, reserved 1089536K
  class space    used 12568K, capacity 18595K, committed 18600K, reserved 1048576K
Event: 3818.259 GC heap after
Heap after GC invocations=16 (full 3):
 PSYoungGen      total 512512K, used 0K [0x000000076c780000, 0x0000000791100000, 0x00000007c0000000)
  eden space 494080K, 0% used [0x000000076c780000,0x000000076c780000,0x000000078aa00000)
  from space 18432K, 0% used [0x000000078aa00000,0x000000078aa00000,0x000000078bc00000)
  to   space 17920K, 0% used [0x000000078ff80000,0x000000078ff80000,0x0000000791100000)
 ParOldGen       total 235520K, used 43703K [0x00000006c5600000, 0x00000006d3c00000, 0x000000076c780000)
  object space 235520K, 18% used [0x00000006c5600000,0x00000006c80adfe0,0x00000006d3c00000)
 Metaspace       used 41414K, capacity 58256K, committed 59160K, reserved 1089536K
  class space    used 12398K, capacity 18307K, committed 18600K, reserved 1048576K
}
Event: 11515.057 GC heap before
{Heap before GC invocations=17 (full 3):
 PSYoungGen      total 512512K, used 494080K [0x000000076c780000, 0x0000000791100000, 0x00000007c0000000)
  eden space 494080K, 100% used [0x000000076c780000,0x000000078aa00000,0x000000078aa00000)
  from space 18432K, 0% used [0x000000078aa00000,0x000000078aa00000,0x000000078bc00000)
  to   space 17920K, 0% used [0x000000078ff80000,0x000000078ff80000,0x0000000791100000)
 ParOldGen       total 235520K, used 43703K [0x00000006c5600000, 0x00000006d3c00000, 0x000000076c780000)
  object space 235520K, 18% used [0x00000006c5600000,0x00000006c80adfe0,0x00000006d3c00000)
 Metaspace       used 43206K, capacity 61152K, committed 61352K, reserved 1091584K
  class space    used 13034K, capacity 19299K, committed 19368K, reserved 1048576K
Event: 11515.064 GC heap after
Heap after GC invocations=17 (full 3):
 PSYoungGen      total 581120K, used 1248K [0x000000076c780000, 0x0000000791800000, 0x00000007c0000000)
  eden space 563200K, 0% used [0x000000076c780000,0x000000076c780000,0x000000078ed80000)
  from space 17920K, 6% used [0x000000078ff80000,0x00000007900b8000,0x0000000791100000)
  to   space 18432K, 0% used [0x000000078ed80000,0x000000078ed80000,0x000000078ff80000)
 ParOldGen       total 235520K, used 43711K [0x00000006c5600000, 0x00000006d3c00000, 0x000000076c780000)
  object space 235520K, 18% used [0x00000006c5600000,0x00000006c80affe0,0x00000006d3c00000)
 Metaspace       used 43206K, capacity 61152K, committed 61352K, reserved 1091584K
  class space    used 13034K, capacity 19299K, committed 19368K, reserved 1048576K
}

Deoptimization events (0 events):
No events

Internal exceptions (10 events):
Event: 11846.220 Thread 0x00007f6f74003000 Exception <a 'java/lang/ClassNotFoundException': > (0x00000007711ec3a8) thrown at [/build/buildd/openjdk-8-8u45-b14/src/hotspot/src/share/vm/prims/jni.cpp, line 735]
Event: 11846.220 Thread 0x00007f6f74003000 Exception <a 'java/lang/ClassNotFoundException': > (0x00000007711ed160) thrown at [/build/buildd/openjdk-8-8u45-b14/src/hotspot/src/share/vm/prims/jni.cpp, line 735]
Event: 11846.220 Thread 0x00007f6f74003000 Exception <a 'java/lang/ClassNotFoundException': > (0x00000007711edb98) thrown at [/build/buildd/openjdk-8-8u45-b14/src/hotspot/src/share/vm/prims/jni.cpp, line 735]
Event: 11846.220 Thread 0x00007f6f74003000 Exception <a 'java/lang/ClassNotFoundException': > (0x00000007711ee840) thrown at [/build/buildd/openjdk-8-8u45-b14/src/hotspot/src/share/vm/prims/jni.cpp, line 735]
Event: 11846.220 Thread 0x00007f6f74003000 Exception <a 'java/lang/ClassNotFoundException': > (0x00000007711ef118) thrown at [/build/buildd/openjdk-8-8u45-b14/src/hotspot/src/share/vm/prims/jni.cpp, line 735]
Event: 11846.220 Thread 0x00007f6f74003000 Exception <a 'java/lang/ClassNotFoundException': > (0x00000007711ef9f0) thrown at [/build/buildd/openjdk-8-8u45-b14/src/hotspot/src/share/vm/prims/jni.cpp, line 735]
Event: 11846.220 Thread 0x00007f6f74003000 Exception <a 'java/lang/ClassNotFoundException': > (0x00000007711f0670) thrown at [/build/buildd/openjdk-8-8u45-b14/src/hotspot/src/share/vm/prims/jni.cpp, line 735]
Event: 11846.220 Thread 0x00007f6f74003000 Exception <a 'java/lang/ClassNotFoundException': > (0x00000007711f11b8) thrown at [/build/buildd/openjdk-8-8u45-b14/src/hotspot/src/share/vm/prims/jni.cpp, line 735]
Event: 11882.846 Thread 0x00007f6f64024800 Exception <a 'java/lang/IllegalStateException': Attempting to use uninitialized value Variable19176
	 [[Node: MatMul19202 = MatMul[T=DT_FLOAT, _class=[], transpose_a=false, transpose_b=false, _device="/job:localhost/replica:0/task:0/cpu:0"](Const19170, Va
Event: 11982.138 Thread 0x00007f6f74003000 Exception <a 'java/net/SocketException': Socket closed> (0x0000000774796fe0) thrown at [/build/buildd/openjdk-8-8u45-b14/src/hotspot/src/share/vm/prims/jni.cpp, line 735]

Events (10 events):
Event: 12025.662 Executing VM operation: RevokeBias
Event: 12025.662 Executing VM operation: RevokeBias done
Event: 12025.662 Thread 0x00007f6f64024800 Thread exited: 0x00007f6f64024800
Event: 12069.280 loading class cemerick/piggieback__init
Event: 12069.280 loading class cemerick/piggieback__init done
Event: 12072.255 Thread 0x00007f6f64024800 Thread added: 0x00007f6f64024800
Event: 12072.294 loading class cemerick/piggieback__init
Event: 12072.294 loading class cemerick/piggieback__init done
Event: 12086.796 loading class cemerick/piggieback__init
Event: 12086.796 loading class cemerick/piggieback__init done


Dynamic libraries:
00400000-00401000 r-xp 00000000 08:11 2518834                            /usr/lib/jvm/java-8-openjdk-amd64/jre/bin/java
00600000-00601000 r--p 00000000 08:11 2518834                            /usr/lib/jvm/java-8-openjdk-amd64/jre/bin/java
00601000-00602000 rw-p 00001000 08:11 2518834                            /usr/lib/jvm/java-8-openjdk-amd64/jre/bin/java
009c8000-009e9000 rw-p 00000000 00:00 0                                  [heap]
6c5600000-6d3c00000 rw-p 00000000 00:00 0 
6d3c00000-76c780000 ---p 00000000 00:00 0 
76c780000-791800000 rw-p 00000000 00:00 0 
791800000-7c0000000 ---p 00000000 00:00 0 
7c0000000-7c138a000 rw-p 00000000 00:00 0 
7c138a000-800000000 ---p 00000000 00:00 0 
7f6f2c000000-7f6f2c021000 rw-p 00000000 00:00 0 
7f6f2c021000-7f6f30000000 ---p 00000000 00:00 0 
7f6f30000000-7f6f30021000 rw-p 00000000 00:00 0 
7f6f30021000-7f6f34000000 ---p 00000000 00:00 0 
7f6f34000000-7f6f34021000 rw-p 00000000 00:00 0 
7f6f34021000-7f6f38000000 ---p 00000000 00:00 0 
7f6f38000000-7f6f38021000 rw-p 00000000 00:00 0 
7f6f38021000-7f6f3c000000 ---p 00000000 00:00 0 
7f6f3c000000-7f6f3c021000 rw-p 00000000 00:00 0 
7f6f3c021000-7f6f40000000 ---p 00000000 00:00 0 
7f6f41674000-7f6f416b4000 rw-p 00000000 00:00 0 
7f6f416b4000-7f6f41874000 ---p 00000000 00:00 0 
7f6f41874000-7f6f41a74000 rw-p 00000000 00:00 0 
7f6f41a74000-7f6f41a75000 ---p 00000000 00:00 0 
7f6f41a75000-7f6f42275000 rw-p 00000000 00:00 0                          [stack:15240]
7f6f42275000-7f6f42276000 ---p 00000000 00:00 0 
7f6f42276000-7f6f42a76000 rw-p 00000000 00:00 0                          [stack:15239]
7f6f42a76000-7f6f42a77000 ---p 00000000 00:00 0 
7f6f42a77000-7f6f43277000 rw-p 00000000 00:00 0                          [stack:15238]
7f6f43277000-7f6f43278000 ---p 00000000 00:00 0 
7f6f43278000-7f6f43a78000 rw-p 00000000 00:00 0                          [stack:15237]
7f6f43a78000-7f6f43a79000 ---p 00000000 00:00 0 
7f6f43a79000-7f6f44279000 rw-p 00000000 00:00 0                          [stack:15234]
7f6f44279000-7f6f4427a000 ---p 00000000 00:00 0 
7f6f4427a000-7f6f44a7a000 rw-p 00000000 00:00 0                          [stack:15233]
7f6f44a7a000-7f6f44a7b000 ---p 00000000 00:00 0 
7f6f44a7b000-7f6f4527b000 rw-p 00000000 00:00 0                          [stack:15232]
7f6f4527b000-7f6f4527c000 ---p 00000000 00:00 0 
7f6f4527c000-7f6f45a7c000 rw-p 00000000 00:00 0                          [stack:15231]
7f6f45a7c000-7f6f47f2e000 r-xp 00000000 08:11 5112548                    /tmp/libtensorflow_jni4409775711555341884.so
7f6f47f2e000-7f6f47f2f000 ---p 024b2000 08:11 5112548                    /tmp/libtensorflow_jni4409775711555341884.so
7f6f47f2f000-7f6f47ff7000 r--p 024b2000 08:11 5112548                    /tmp/libtensorflow_jni4409775711555341884.so
7f6f47ff7000-7f6f47ff8000 rw-p 0257a000 08:11 5112548                    /tmp/libtensorflow_jni4409775711555341884.so
7f6f47ff8000-7f6f48000000 rw-p 00000000 00:00 0 
7f6f48000000-7f6f48021000 rw-p 00000000 00:00 0 
7f6f48021000-7f6f4c000000 ---p 00000000 00:00 0 
7f6f4c000000-7f6f4c021000 rw-p 00000000 00:00 0 
7f6f4c021000-7f6f50000000 ---p 00000000 00:00 0 
7f6f50000000-7f6f50021000 rw-p 00000000 00:00 0 
7f6f50021000-7f6f54000000 ---p 00000000 00:00 0 
7f6f54000000-7f6f54d74000 rw-p 00000000 00:00 0 
7f6f54d74000-7f6f58000000 ---p 00000000 00:00 0 
7f6f58000000-7f6f58028000 rw-p 00000000 00:00 0 
7f6f58028000-7f6f5c000000 ---p 00000000 00:00 0 
7f6f5c000000-7f6f5c021000 rw-p 00000000 00:00 0 
7f6f5c021000-7f6f60000000 ---p 00000000 00:00 0 
7f6f60000000-7f6f60021000 rw-p 00000000 00:00 0 
7f6f60021000-7f6f64000000 ---p 00000000 00:00 0 
7f6f64000000-7f6f64091000 rw-p 00000000 00:00 0 
7f6f64091000-7f6f68000000 ---p 00000000 00:00 0 
7f6f68000000-7f6f68021000 rw-p 00000000 00:00 0 
7f6f68021000-7f6f6c000000 ---p 00000000 00:00 0 
7f6f6c000000-7f6f6c021000 rw-p 00000000 00:00 0 
7f6f6c021000-7f6f70000000 ---p 00000000 00:00 0 
7f6f70000000-7f6f70193000 rw-p 00000000 00:00 0 
7f6f70193000-7f6f74000000 ---p 00000000 00:00 0 
7f6f74000000-7f6f7406a000 rw-p 00000000 00:00 0 
7f6f7406a000-7f6f78000000 ---p 00000000 00:00 0 
7f6f78000000-7f6f78021000 rw-p 00000000 00:00 0 
7f6f78021000-7f6f7c000000 ---p 00000000 00:00 0 
7f6f7c000000-7f6f7c021000 rw-p 00000000 00:00 0 
7f6f7c021000-7f6f80000000 ---p 00000000 00:00 0 
7f6f80000000-7f6f80021000 rw-p 00000000 00:00 0 
7f6f80021000-7f6f84000000 ---p 00000000 00:00 0 
7f6f84000000-7f6f847c4000 rw-p 00000000 00:00 0 
7f6f847c4000-7f6f88000000 ---p 00000000 00:00 0 
7f6f88000000-7f6f88021000 rw-p 00000000 00:00 0 
7f6f88021000-7f6f8c000000 ---p 00000000 00:00 0 
7f6f8c000000-7f6f8c04e000 rw-p 00000000 00:00 0 
7f6f8c04e000-7f6f90000000 ---p 00000000 00:00 0 
7f6f90000000-7f6f90021000 rw-p 00000000 00:00 0 
7f6f90021000-7f6f94000000 ---p 00000000 00:00 0 
7f6f94000000-7f6f94021000 rw-p 00000000 00:00 0 
7f6f94021000-7f6f98000000 ---p 00000000 00:00 0 
7f6f98000000-7f6f98021000 rw-p 00000000 00:00 0 
7f6f98021000-7f6f9c000000 ---p 00000000 00:00 0 
7f6f9c000000-7f6f9c082000 rw-p 00000000 00:00 0 
7f6f9c082000-7f6fa0000000 ---p 00000000 00:00 0 
7f6fa0000000-7f6fa0021000 rw-p 00000000 00:00 0 
7f6fa0021000-7f6fa4000000 ---p 00000000 00:00 0 
7f6fa40ff000-7f6fa42ff000 rw-p 00000000 00:00 0 
7f6fa42ff000-7f6fa4302000 ---p 00000000 00:00 0 
7f6fa4302000-7f6fa4400000 rw-p 00000000 00:00 0                          [stack:15235]
7f6fa4400000-7f6fa4800000 rw-p 00000000 00:00 0 
7f6fa4880000-7f6fa4883000 ---p 00000000 00:00 0 
7f6fa4883000-7f6fa4981000 rw-p 00000000 00:00 0                          [stack:15230]
7f6fa4981000-7f6fa4984000 ---p 00000000 00:00 0 
7f6fa4984000-7f6fa4a82000 rw-p 00000000 00:00 0                          [stack:15229]
7f6fa4a82000-7f6fa4a85000 ---p 00000000 00:00 0 
7f6fa4a85000-7f6fa4b83000 rw-p 00000000 00:00 0                          [stack:17093]
7f6fa4b83000-7f6fa4b86000 ---p 00000000 00:00 0 
7f6fa4b86000-7f6fa4c84000 rw-p 00000000 00:00 0                          [stack:15218]
7f6fa4c84000-7f6fa4c87000 ---p 00000000 00:00 0 
7f6fa4c87000-7f6fa4d85000 rw-p 00000000 00:00 0                          [stack:15204]
7f6fa4d85000-7f6fa4d88000 ---p 00000000 00:00 0 
7f6fa4d88000-7f6fa4e86000 rw-p 00000000 00:00 0                          [stack:15203]
7f6fa4e86000-7f6fa4e89000 ---p 00000000 00:00 0 
7f6fa4e89000-7f6fa4f87000 rw-p 00000000 00:00 0                          [stack:17042]
7f6fa4f87000-7f6fa4f8a000 ---p 00000000 00:00 0 
7f6fa4f8a000-7f6fa5088000 rw-p 00000000 00:00 0                          [stack:15200]
7f6fa5088000-7f6fa508b000 ---p 00000000 00:00 0 
7f6fa508b000-7f6fa5189000 rw-p 00000000 00:00 0                          [stack:15505]
7f6fa5189000-7f6fa518c000 ---p 00000000 00:00 0 
7f6fa518c000-7f6fa558b000 rw-p 00000000 00:00 0                          [stack:15198]
7f6fa558b000-7f6fa55a2000 r-xp 00000000 08:11 2383318                    /usr/lib/jvm/java-8-openjdk-amd64/jre/lib/amd64/libnet.so
7f6fa55a2000-7f6fa57a1000 ---p 00017000 08:11 2383318                    /usr/lib/jvm/java-8-openjdk-amd64/jre/lib/amd64/libnet.so
7f6fa57a1000-7f6fa57a2000 r--p 00016000 08:11 2383318                    /usr/lib/jvm/java-8-openjdk-amd64/jre/lib/amd64/libnet.so
7f6fa57a2000-7f6fa57a3000 rw-p 00017000 08:11 2383318                    /usr/lib/jvm/java-8-openjdk-amd64/jre/lib/amd64/libnet.so
7f6fa57a3000-7f6fa59a3000 rw-p 00000000 00:00 0 
7f6fa59a3000-7f6fa5ba3000 rw-p 00000000 00:00 0 
7f6fa5ba3000-7f6fa5da3000 rw-p 00000000 00:00 0 
7f6fa5da3000-7f6fa5fa3000 rw-p 00000000 00:00 0 
7f6fa5fa3000-7f6fa61a3000 rw-p 00000000 00:00 0 
7f6fa61a3000-7f6fa63a3000 rw-p 00000000 00:00 0 
7f6fa63a3000-7f6fa65a3000 rw-p 00000000 00:00 0 
7f6fa65a3000-7f6fa67a3000 rw-p 00000000 00:00 0 
7f6fa67a3000-7f6fa681b000 r--s 010ee000 08:11 2660210                    /usr/lib/jvm/java-8-openjdk-amd64/lib/tools.jar
7f6fa681b000-7f6fa6a1b000 rw-p 00000000 00:00 0 
7f6fa6a1b000-7f6fa6c1b000 rw-p 00000000 00:00 0 
7f6fa6c1b000-7f6fa6e1b000 rw-p 00000000 00:00 0 
7f6fa6e1b000-7f6fa6e1e000 ---p 00000000 00:00 0 
7f6fa6e1e000-7f6fa6f1c000 rw-p 00000000 00:00 0                          [stack:15504]
7f6fa6f1c000-7f6fa6f1f000 ---p 00000000 00:00 0 
7f6fa6f1f000-7f6fa721d000 rw-p 00000000 00:00 0                          [stack:15192]
7f6fa721d000-7f6fa741d000 rw-p 00000000 00:00 0 
7f6fa741d000-7f6fa761d000 rw-p 00000000 00:00 0 
7f6fa761d000-7f6fa781d000 rw-p 00000000 00:00 0 
7f6fa781d000-7f6fa781e000 ---p 00000000 00:00 0 
7f6fa781e000-7f6fa791e000 rw-p 00000000 00:00 0                          [stack:15191]
7f6fa791e000-7f6fa8000000 r--p 00000000 08:11 1450830                    /usr/lib/locale/locale-archive
7f6fa8000000-7f6fa8021000 rw-p 00000000 00:00 0 
7f6fa8021000-7f6fac000000 ---p 00000000 00:00 0 
7f6fac057000-7f6fac06a000 r--s 00345000 08:11 2383348                    /usr/lib/jvm/java-8-openjdk-amd64/jre/lib/resources.jar
7f6fac06a000-7f6fac0ae000 r--s 0033d000 08:01 159294509                  /home/bill/.m2/repository/org/clojure/clojure/1.9.0-alpha16/clojure-1.9.0-alpha16.jar
7f6fac0ae000-7f6fac0b1000 ---p 00000000 00:00 0 
7f6fac0b1000-7f6fac1af000 rw-p 00000000 00:00 0                          [stack:15190]
7f6fac1af000-7f6fac1b2000 ---p 00000000 00:00 0 
7f6fac1b2000-7f6fb4000000 rw-p 00000000 00:00 0                          [stack:15189]
7f6fb4000000-7f6fb4021000 rw-p 00000000 00:00 0 
7f6fb4021000-7f6fb8000000 ---p 00000000 00:00 0 
7f6fb8005000-7f6fb8006000 r--p 00000000 00:00 0 
7f6fb800d000-7f6fb800e000 rw-p 00000000 00:00 0 
7f6fb800e000-7f6fb8013000 r--s 00094000 08:11 2383347                    /usr/lib/jvm/java-8-openjdk-amd64/jre/lib/jsse.jar
7f6fb8013000-7f6fb8014000 r--s 00002000 08:01 158107204                  /home/bill/.m2/repository/tamarin/tamarin/0.1.2/tamarin-0.1.2.jar
7f6fb8014000-7f6fb8016000 r--s 00011000 08:01 159089509                  /home/bill/.m2/repository/com/billpiel/sayid/0.0.15/sayid-0.0.15.jar
7f6fb8016000-7f6fb8030000 r--s 001d3000 08:11 2518804                    /usr/lib/jvm/java-8-openjdk-amd64/jre/lib/ext/nashorn.jar
7f6fb8030000-7f6fb804c000 r--s 00393000 08:11 2518803                    /usr/lib/jvm/java-8-openjdk-amd64/jre/lib/ext/cldrdata.jar
7f6fb804c000-7f6fb804f000 ---p 00000000 00:00 0 
7f6fb804f000-7f6fb814d000 rw-p 00000000 00:00 0                          [stack:15188]
7f6fb814d000-7f6fb8150000 ---p 00000000 00:00 0 
7f6fb8150000-7f6fb824e000 rw-p 00000000 00:00 0                          [stack:15187]
7f6fb824e000-7f6fb8251000 ---p 00000000 00:00 0 
7f6fb8251000-7f6fb834f000 rw-p 00000000 00:00 0                          [stack:15186]
7f6fb834f000-7f6fb8352000 ---p 00000000 00:00 0 
7f6fb8352000-7f6fb8450000 rw-p 00000000 00:00 0                          [stack:15185]
7f6fb8450000-7f6fb8453000 ---p 00000000 00:00 0 
7f6fb8453000-7f6fb8551000 rw-p 00000000 00:00 0                          [stack:15184]
7f6fb8551000-7f6fb8552000 ---p 00000000 00:00 0 
7f6fb8552000-7f6fb9000000 rw-p 00000000 00:00 0                          [stack:15183]
7f6fb9000000-7f6fb9940000 rwxp 00000000 00:00 0 
7f6fb9940000-7f6fc8000000 ---p 00000000 00:00 0 
7f6fc8000000-7f6fc901b000 rw-p 00000000 00:00 0 
7f6fc901b000-7f6fcc000000 ---p 00000000 00:00 0 
7f6fcc000000-7f6fcc001000 r--s 00006000 08:01 159294508                  /home/bill/.m2/repository/org/clojure/spec.alpha/0.1.94/spec.alpha-0.1.94.jar
7f6fcc001000-7f6fcc002000 r--s 00004000 08:01 158639260                  /home/bill/.m2/repository/org/clojure/tools.namespace/0.2.11/tools.namespace-0.2.11.jar
7f6fcc002000-7f6fcc004000 r--s 00000000 08:01 159294511                  /home/bill/.m2/repository/org/clojure/core.specs.alpha/0.1.10/core.specs.alpha-0.1.10.jar
7f6fcc004000-7f6fcc005000 r--s 0000a000 08:01 159089482                  /home/bill/.m2/repository/org/clojure/tools.reader/1.0.0-alpha4/tools.reader-1.0.0-alpha4.jar
7f6fcc005000-7f6fcc006000 r--s 01dac000 08:01 159416404                  /home/bill/.m2/repository/org/tensorflow/libtensorflow_jni/1.2.0-rc1/libtensorflow_jni-1.2.0-rc1.jar
7f6fcc006000-7f6fcc007000 r--s 00001000 08:01 158852715                  /home/bill/.m2/repository/org/tcrawley/dynapath/0.2.4/dynapath-0.2.4.jar
7f6fcc007000-7f6fcc008000 r--s 00009000 08:01 158630182                  /home/bill/.m2/repository/org/clojure/tools.nrepl/0.2.12/tools.nrepl-0.2.12.jar
7f6fcc008000-7f6fcc60e000 rw-p 00000000 00:00 0 
7f6fcc60e000-7f6fcc7db000 r--s 03bd3000 08:11 2383357                    /usr/lib/jvm/java-8-openjdk-amd64/jre/lib/rt.jar
7f6fcc7db000-7f6fcd881000 rw-p 00000000 00:00 0 
7f6fcd881000-7f6fcd882000 ---p 00000000 00:00 0 
7f6fcd882000-7f6fcd982000 rw-p 00000000 00:00 0                          [stack:15182]
7f6fcd982000-7f6fcd983000 ---p 00000000 00:00 0 
7f6fcd983000-7f6fcda83000 rw-p 00000000 00:00 0                          [stack:15181]
7f6fcda83000-7f6fcda84000 ---p 00000000 00:00 0 
7f6fcda84000-7f6fcdb84000 rw-p 00000000 00:00 0                          [stack:15180]
7f6fcdb84000-7f6fcdb85000 ---p 00000000 00:00 0 
7f6fcdb85000-7f6fcdcf8000 rw-p 00000000 00:00 0                          [stack:15179]
7f6fcdcf8000-7f6fce1be000 ---p 00000000 00:00 0 
7f6fce1be000-7f6fce231000 rw-p 00000000 00:00 0 
7f6fce231000-7f6fce6f6000 ---p 00000000 00:00 0 
7f6fce6f6000-7f6fce81f000 rw-p 00000000 00:00 0 
7f6fce81f000-7f6fce993000 ---p 00000000 00:00 0 
7f6fce993000-7f6fce9b9000 rw-p 00000000 00:00 0 
7f6fce9b9000-7f6fced54000 ---p 00000000 00:00 0 
7f6fced54000-7f6fced5c000 r-xp 00000000 08:11 2383311                    /usr/lib/jvm/java-8-openjdk-amd64/jre/lib/amd64/libzip.so
7f6fced5c000-7f6fcef5b000 ---p 00008000 08:11 2383311                    /usr/lib/jvm/java-8-openjdk-amd64/jre/lib/amd64/libzip.so
7f6fcef5b000-7f6fcef5c000 r--p 00007000 08:11 2383311                    /usr/lib/jvm/java-8-openjdk-amd64/jre/lib/amd64/libzip.so
7f6fcef5c000-7f6fcef5d000 rw-p 00008000 08:11 2383311                    /usr/lib/jvm/java-8-openjdk-amd64/jre/lib/amd64/libzip.so
7f6fcef5d000-7f6fcef69000 r-xp 00000000 08:11 4854285                    /lib/x86_64-linux-gnu/libnss_files-2.21.so
7f6fcef69000-7f6fcf168000 ---p 0000c000 08:11 4854285                    /lib/x86_64-linux-gnu/libnss_files-2.21.so
7f6fcf168000-7f6fcf169000 r--p 0000b000 08:11 4854285                    /lib/x86_64-linux-gnu/libnss_files-2.21.so
7f6fcf169000-7f6fcf16a000 rw-p 0000c000 08:11 4854285                    /lib/x86_64-linux-gnu/libnss_files-2.21.so
7f6fcf16a000-7f6fcf175000 r-xp 00000000 08:11 4854295                    /lib/x86_64-linux-gnu/libnss_nis-2.21.so
7f6fcf175000-7f6fcf374000 ---p 0000b000 08:11 4854295                    /lib/x86_64-linux-gnu/libnss_nis-2.21.so
7f6fcf374000-7f6fcf375000 r--p 0000a000 08:11 4854295                    /lib/x86_64-linux-gnu/libnss_nis-2.21.so
7f6fcf375000-7f6fcf376000 rw-p 0000b000 08:11 4854295                    /lib/x86_64-linux-gnu/libnss_nis-2.21.so
7f6fcf376000-7f6fcf38d000 r-xp 00000000 08:11 4854279                    /lib/x86_64-linux-gnu/libnsl-2.21.so
7f6fcf38d000-7f6fcf58c000 ---p 00017000 08:11 4854279                    /lib/x86_64-linux-gnu/libnsl-2.21.so
7f6fcf58c000-7f6fcf58d000 r--p 00016000 08:11 4854279                    /lib/x86_64-linux-gnu/libnsl-2.21.so
7f6fcf58d000-7f6fcf58e000 rw-p 00017000 08:11 4854279                    /lib/x86_64-linux-gnu/libnsl-2.21.so
7f6fcf58e000-7f6fcf590000 rw-p 00000000 00:00 0 
7f6fcf590000-7f6fcf598000 r-xp 00000000 08:11 4854281                    /lib/x86_64-linux-gnu/libnss_compat-2.21.so
7f6fcf598000-7f6fcf797000 ---p 00008000 08:11 4854281                    /lib/x86_64-linux-gnu/libnss_compat-2.21.so
7f6fcf797000-7f6fcf798000 r--p 00007000 08:11 4854281                    /lib/x86_64-linux-gnu/libnss_compat-2.21.so
7f6fcf798000-7f6fcf799000 rw-p 00008000 08:11 4854281                    /lib/x86_64-linux-gnu/libnss_compat-2.21.so
7f6fcf799000-7f6fcf7c7000 r-xp 00000000 08:11 2383308                    /usr/lib/jvm/java-8-openjdk-amd64/jre/lib/amd64/libjava.so
7f6fcf7c7000-7f6fcf9c6000 ---p 0002e000 08:11 2383308                    /usr/lib/jvm/java-8-openjdk-amd64/jre/lib/amd64/libjava.so
7f6fcf9c6000-7f6fcf9c7000 r--p 0002d000 08:11 2383308                    /usr/lib/jvm/java-8-openjdk-amd64/jre/lib/amd64/libjava.so
7f6fcf9c7000-7f6fcf9c9000 rw-p 0002e000 08:11 2383308                    /usr/lib/jvm/java-8-openjdk-amd64/jre/lib/amd64/libjava.so
7f6fcf9c9000-7f6fcf9d8000 r-xp 00000000 08:11 2383323                    /usr/lib/jvm/java-8-openjdk-amd64/jre/lib/amd64/libverify.so
7f6fcf9d8000-7f6fcfbd8000 ---p 0000f000 08:11 2383323                    /usr/lib/jvm/java-8-openjdk-amd64/jre/lib/amd64/libverify.so
7f6fcfbd8000-7f6fcfbdb000 r--p 0000f000 08:11 2383323                    /usr/lib/jvm/java-8-openjdk-amd64/jre/lib/amd64/libverify.so
7f6fcfbdb000-7f6fcfbdc000 rw-p 00012000 08:11 2383323                    /usr/lib/jvm/java-8-openjdk-amd64/jre/lib/amd64/libverify.so
7f6fcfbdc000-7f6fcfbe3000 r-xp 00000000 08:11 4854340                    /lib/x86_64-linux-gnu/librt-2.21.so
7f6fcfbe3000-7f6fcfde2000 ---p 00007000 08:11 4854340                    /lib/x86_64-linux-gnu/librt-2.21.so
7f6fcfde2000-7f6fcfde3000 r--p 00006000 08:11 4854340                    /lib/x86_64-linux-gnu/librt-2.21.so
7f6fcfde3000-7f6fcfde4000 rw-p 00007000 08:11 4854340                    /lib/x86_64-linux-gnu/librt-2.21.so
7f6fcfde4000-7f6fcfdfa000 r-xp 00000000 08:11 4854930                    /lib/x86_64-linux-gnu/libgcc_s.so.1
7f6fcfdfa000-7f6fcfff9000 ---p 00016000 08:11 4854930                    /lib/x86_64-linux-gnu/libgcc_s.so.1
7f6fcfff9000-7f6fcfffa000 rw-p 00015000 08:11 4854930                    /lib/x86_64-linux-gnu/libgcc_s.so.1
7f6fcfffa000-7f6fd0101000 r-xp 00000000 08:11 4854258                    /lib/x86_64-linux-gnu/libm-2.21.so
7f6fd0101000-7f6fd0300000 ---p 00107000 08:11 4854258                    /lib/x86_64-linux-gnu/libm-2.21.so
7f6fd0300000-7f6fd0301000 r--p 00106000 08:11 4854258                    /lib/x86_64-linux-gnu/libm-2.21.so
7f6fd0301000-7f6fd0302000 rw-p 00107000 08:11 4854258                    /lib/x86_64-linux-gnu/libm-2.21.so
7f6fd0302000-7f6fd03f2000 r-xp 00000000 08:11 1452889                    /usr/lib/x86_64-linux-gnu/libstdc++.so.6.0.20
7f6fd03f2000-7f6fd05f2000 ---p 000f0000 08:11 1452889                    /usr/lib/x86_64-linux-gnu/libstdc++.so.6.0.20
7f6fd05f2000-7f6fd05fa000 r--p 000f0000 08:11 1452889                    /usr/lib/x86_64-linux-gnu/libstdc++.so.6.0.20
7f6fd05fa000-7f6fd05fc000 rw-p 000f8000 08:11 1452889                    /usr/lib/x86_64-linux-gnu/libstdc++.so.6.0.20
7f6fd05fc000-7f6fd0611000 rw-p 00000000 00:00 0 
7f6fd0611000-7f6fd129e000 r-xp 00000000 08:11 2383335                    /usr/lib/jvm/java-8-openjdk-amd64/jre/lib/amd64/server/libjvm.so
7f6fd129e000-7f6fd149e000 ---p 00c8d000 08:11 2383335                    /usr/lib/jvm/java-8-openjdk-amd64/jre/lib/amd64/server/libjvm.so
7f6fd149e000-7f6fd1541000 r--p 00c8d000 08:11 2383335                    /usr/lib/jvm/java-8-openjdk-amd64/jre/lib/amd64/server/libjvm.so
7f6fd1541000-7f6fd156a000 rw-p 00d30000 08:11 2383335                    /usr/lib/jvm/java-8-openjdk-amd64/jre/lib/amd64/server/libjvm.so
7f6fd156a000-7f6fd1599000 rw-p 00000000 00:00 0 
7f6fd1599000-7f6fd15b1000 r-xp 00000000 08:11 4854332                    /lib/x86_64-linux-gnu/libpthread-2.21.so
7f6fd15b1000-7f6fd17b1000 ---p 00018000 08:11 4854332                    /lib/x86_64-linux-gnu/libpthread-2.21.so
7f6fd17b1000-7f6fd17b2000 r--p 00018000 08:11 4854332                    /lib/x86_64-linux-gnu/libpthread-2.21.so
7f6fd17b2000-7f6fd17b3000 rw-p 00019000 08:11 4854332                    /lib/x86_64-linux-gnu/libpthread-2.21.so
7f6fd17b3000-7f6fd17b7000 rw-p 00000000 00:00 0 
7f6fd17b7000-7f6fd17ba000 r-xp 00000000 08:11 4854216                    /lib/x86_64-linux-gnu/libdl-2.21.so
7f6fd17ba000-7f6fd19b9000 ---p 00003000 08:11 4854216                    /lib/x86_64-linux-gnu/libdl-2.21.so
7f6fd19b9000-7f6fd19ba000 r--p 00002000 08:11 4854216                    /lib/x86_64-linux-gnu/libdl-2.21.so
7f6fd19ba000-7f6fd19bb000 rw-p 00003000 08:11 4854216                    /lib/x86_64-linux-gnu/libdl-2.21.so
7f6fd19bb000-7f6fd19d4000 r-xp 00000000 08:11 4854373                    /lib/x86_64-linux-gnu/libz.so.1.2.8
7f6fd19d4000-7f6fd1bd4000 ---p 00019000 08:11 4854373                    /lib/x86_64-linux-gnu/libz.so.1.2.8
7f6fd1bd4000-7f6fd1bd5000 r--p 00019000 08:11 4854373                    /lib/x86_64-linux-gnu/libz.so.1.2.8
7f6fd1bd5000-7f6fd1bd6000 rw-p 0001a000 08:11 4854373                    /lib/x86_64-linux-gnu/libz.so.1.2.8
7f6fd1bd6000-7f6fd1d96000 r-xp 00000000 08:11 4854199                    /lib/x86_64-linux-gnu/libc-2.21.so
7f6fd1d96000-7f6fd1f96000 ---p 001c0000 08:11 4854199                    /lib/x86_64-linux-gnu/libc-2.21.so
7f6fd1f96000-7f6fd1f9a000 r--p 001c0000 08:11 4854199                    /lib/x86_64-linux-gnu/libc-2.21.so
7f6fd1f9a000-7f6fd1f9c000 rw-p 001c4000 08:11 4854199                    /lib/x86_64-linux-gnu/libc-2.21.so
7f6fd1f9c000-7f6fd1fa0000 rw-p 00000000 00:00 0 
7f6fd1fa0000-7f6fd1fae000 r-xp 00000000 08:11 2383342                    /usr/lib/jvm/java-8-openjdk-amd64/jre/lib/amd64/jli/libjli.so
7f6fd1fae000-7f6fd21ad000 ---p 0000e000 08:11 2383342                    /usr/lib/jvm/java-8-openjdk-amd64/jre/lib/amd64/jli/libjli.so
7f6fd21ad000-7f6fd21ae000 r--p 0000d000 08:11 2383342                    /usr/lib/jvm/java-8-openjdk-amd64/jre/lib/amd64/jli/libjli.so
7f6fd21ae000-7f6fd21af000 rw-p 0000e000 08:11 2383342                    /usr/lib/jvm/java-8-openjdk-amd64/jre/lib/amd64/jli/libjli.so
7f6fd21af000-7f6fd21d3000 r-xp 00000000 08:11 4854171                    /lib/x86_64-linux-gnu/ld-2.21.so
7f6fd21d3000-7f6fd21d4000 r--s 00002000 08:01 158639262                  /home/bill/.m2/repository/clojure-complete/clojure-complete/0.2.4/clojure-complete-0.2.4.jar
7f6fd21d4000-7f6fd21dd000 r--s 0004a000 08:01 158852717                  /home/bill/.m2/repository/cider/cider-nrepl/0.14.0/cider-nrepl-0.14.0.jar
7f6fd21dd000-7f6fd22a1000 rw-p 00000000 00:00 0 
7f6fd22a1000-7f6fd22a4000 ---p 00000000 00:00 0 
7f6fd22a4000-7f6fd23a7000 rw-p 00000000 00:00 0                          [stack:15174]
7f6fd23a7000-7f6fd23a8000 r--s 00000000 08:01 159416403                  /home/bill/.m2/repository/org/tensorflow/tensorflow/1.2.0-rc1/tensorflow-1.2.0-rc1.jar
7f6fd23a8000-7f6fd23a9000 r--s 00006000 08:01 159416401                  /home/bill/.m2/repository/org/tensorflow/libtensorflow/1.2.0-rc1/libtensorflow-1.2.0-rc1.jar
7f6fd23a9000-7f6fd23aa000 r--s 00010000 08:11 2518807                    /usr/lib/jvm/java-8-openjdk-amd64/jre/lib/ext/zipfs.jar
7f6fd23aa000-7f6fd23ad000 r--s 0000f000 08:11 2518810                    /usr/lib/jvm/java-8-openjdk-amd64/jre/lib/ext/icedtea-sound.jar
7f6fd23ad000-7f6fd23b8000 r--s 00116000 08:11 2518806                    /usr/lib/jvm/java-8-openjdk-amd64/jre/lib/ext/localedata.jar
7f6fd23b8000-7f6fd23ba000 r--s 00001000 08:11 2518809                    /usr/lib/jvm/java-8-openjdk-amd64/jre/lib/ext/dnsns.jar
7f6fd23ba000-7f6fd23bb000 r--s 00008000 08:11 2518805                    /usr/lib/jvm/java-8-openjdk-amd64/jre/lib/ext/sunec.jar
7f6fd23bb000-7f6fd23bd000 r--s 00006000 08:11 1849273                    /usr/share/java/java-atk-wrapper.jar
7f6fd23bd000-7f6fd23c0000 r--s 00037000 08:11 2518811                    /usr/lib/jvm/java-8-openjdk-amd64/jre/lib/ext/sunpkcs11.jar
7f6fd23c0000-7f6fd23c6000 r--s 0003a000 08:11 2518808                    /usr/lib/jvm/java-8-openjdk-amd64/jre/lib/ext/sunjce_provider.jar
7f6fd23c6000-7f6fd23ce000 rw-s 00000000 08:11 5112545                    /tmp/hsperfdata_bill/15172
7f6fd23ce000-7f6fd23cf000 rw-p 00000000 00:00 0 
7f6fd23cf000-7f6fd23d0000 r--p 00000000 00:00 0 
7f6fd23d0000-7f6fd23d2000 rw-p 00000000 00:00 0 
7f6fd23d2000-7f6fd23d3000 r--p 00023000 08:11 4854171                    /lib/x86_64-linux-gnu/ld-2.21.so
7f6fd23d3000-7f6fd23d4000 rw-p 00024000 08:11 4854171                    /lib/x86_64-linux-gnu/ld-2.21.so
7f6fd23d4000-7f6fd23d5000 rw-p 00000000 00:00 0 
7ffe4b4d5000-7ffe4b4f7000 rw-p 00000000 00:00 0                          [stack]
7ffe4b585000-7ffe4b587000 r--p 00000000 00:00 0                          [vvar]
7ffe4b587000-7ffe4b589000 r-xp 00000000 00:00 0                          [vdso]
ffffffffff600000-ffffffffff601000 r-xp 00000000 00:00 0                  [vsyscall]

VM Arguments:
jvm_args: -Dfile.encoding=UTF-8 -XX:+TieredCompilation -XX:TieredStopAtLevel=1 -XX:-OmitStackTraceInFastThrow -Dclojure.compile.path=/home/bill/repos/aiml-playground/flojure-tens/target/classes -Dflojure-tens.version=0.1.0-SNAPSHOT -Dclojure.debug=false 
java_command: clojure.main -i /tmp/form-init175820595985671911.clj
java_class_path (initial): /home/bill/repos/aiml-playground/flojure-tens/test:/home/bill/repos/aiml-playground/flojure-tens/src:/home/bill/repos/aiml-playground/flojure-tens/dev-resources:/home/bill/repos/aiml-playground/flojure-tens/resources:/home/bill/repos/aiml-playground/flojure-tens/target/classes:/home/bill/.m2/repository/cider/cider-nrepl/0.14.0/cider-nrepl-0.14.0.jar:/home/bill/.m2/repository/org/tensorflow/libtensorflow/1.2.0-rc1/libtensorflow-1.2.0-rc1.jar:/home/bill/.m2/repository/org/tensorflow/tensorflow/1.2.0-rc1/tensorflow-1.2.0-rc1.jar:/home/bill/.m2/repository/org/clojure/clojure/1.9.0-alpha16/clojure-1.9.0-alpha16.jar:/home/bill/.m2/repository/clojure-complete/clojure-complete/0.2.4/clojure-complete-0.2.4.jar:/home/bill/.m2/repository/org/clojure/tools.nrepl/0.2.12/tools.nrepl-0.2.12.jar:/home/bill/.m2/repository/org/tcrawley/dynapath/0.2.4/dynapath-0.2.4.jar:/home/bill/.m2/repository/org/tensorflow/libtensorflow_jni/1.2.0-rc1/libtensorflow_jni-1.2.0-rc1.jar:/home/bill/.m2/repository/org/clojure/tools.reader/1.0.0-alpha4/tools.reader-1.0.0-alpha4.jar:/home/bill/.m2/repository/org/clojure/core.specs.alpha/0.1.10/core.specs.alpha-0.1.10.jar:/home/bill/.m2/repository/org/clojure/tools.namespace/0.2.11/tools.namespace-0.2.11.jar:/home/bill/.m2/repository/org/clojure/spec.alpha/0.1.94/spec.alpha-0.1.94.jar:/home/bill/.m2/repository/com/billpiel/sayid/0.0.15/sayid-0.0.15.jar:/home/bill/.m2/repository/tamarin/tamarin/0.1.2/tamarin-0.1.2.jar
Launcher Type: SUN_STANDARD

Environment Variables:
CLASSPATH=/home/bill/.lein/self-installs/leiningen-2.6.1-standalone.jar
PATH=/home/bill/bin:/usr/local/sbin:/usr/local/bin:/usr/sbin:/usr/bin:/sbin:/bin:/usr/games:/usr/local/games
SHELL=/bin/bash
DISPLAY=:0

Signal Handlers:
SIGSEGV: [libjvm.so+0xa90d80], sa_mask[0]=11111111011111111101111111111110, sa_flags=SA_RESTART|SA_SIGINFO
SIGBUS: [libjvm.so+0xa90d80], sa_mask[0]=11111111011111111101111111111110, sa_flags=SA_RESTART|SA_SIGINFO
SIGFPE: [libjvm.so+0x8dbc70], sa_mask[0]=11111111011111111101111111111110, sa_flags=SA_RESTART|SA_SIGINFO
SIGPIPE: [libjvm.so+0x8dbc70], sa_mask[0]=11111111011111111101111111111110, sa_flags=SA_RESTART|SA_SIGINFO
SIGXFSZ: [libjvm.so+0x8dbc70], sa_mask[0]=11111111011111111101111111111110, sa_flags=SA_RESTART|SA_SIGINFO
SIGILL: [libjvm.so+0x8dbc70], sa_mask[0]=11111111011111111101111111111110, sa_flags=SA_RESTART|SA_SIGINFO
SIGUSR1: SIG_DFL, sa_mask[0]=00000000000000000000000000000000, sa_flags=none
SIGUSR2: [libjvm.so+0x8dbb20], sa_mask[0]=00100000000000000000000000000000, sa_flags=SA_RESTART|SA_SIGINFO
SIGHUP: [libjvm.so+0x8dbd40], sa_mask[0]=11111111011111111101111111111110, sa_flags=SA_RESTART|SA_SIGINFO
SIGINT: [libjvm.so+0x8dbd40], sa_mask[0]=11111111011111111101111111111110, sa_flags=SA_RESTART|SA_SIGINFO
SIGTERM: [libjvm.so+0x8dbd40], sa_mask[0]=11111111011111111101111111111110, sa_flags=SA_RESTART|SA_SIGINFO
SIGQUIT: [libjvm.so+0x8dbd40], sa_mask[0]=11111111011111111101111111111110, sa_flags=SA_RESTART|SA_SIGINFO


---------------  S Y S T E M  ---------------

OS:DISTRIB_ID=Ubuntu
DISTRIB_RELEASE=15.04
DISTRIB_CODENAME=vivid
DISTRIB_DESCRIPTION="Ubuntu 15.04"

uname:Linux 3.19.0-15-generic #15-Ubuntu SMP Thu Apr 16 23:32:37 UTC 2015 x86_64
libc:glibc 2.21 NPTL 2.21 
rlimit: STACK 8192k, CORE 0k, NPROC 64016, NOFILE 65536, AS infinity
load average:0.12 0.14 0.14

/proc/meminfo:
MemTotal:       16422080 kB
MemFree:         1973796 kB
MemAvailable:   10603216 kB
Buffers:          734352 kB
Cached:          5562612 kB
SwapCached:        21140 kB
Active:          8539564 kB
Inactive:        2692292 kB
Active(anon):    4006556 kB
Inactive(anon):  1176868 kB
Active(file):    4533008 kB
Inactive(file):  1515424 kB
Unevictable:          32 kB
Mlocked:              32 kB
SwapTotal:       8375292 kB
SwapFree:        7746732 kB
Dirty:                68 kB
Writeback:             0 kB
AnonPages:       4922180 kB
Mapped:           349132 kB
Shmem:            248532 kB
Slab:            2987476 kB
SReclaimable:    2834404 kB
SUnreclaim:       153072 kB
KernelStack:       11312 kB
PageTables:        51404 kB
NFS_Unstable:          0 kB
Bounce:                0 kB
WritebackTmp:          0 kB
CommitLimit:    16586332 kB
Committed_AS:    8931268 kB
VmallocTotal:   34359738367 kB
VmallocUsed:      314644 kB
VmallocChunk:   34359360104 kB
HardwareCorrupted:     0 kB
AnonHugePages:   3674112 kB
CmaTotal:              0 kB
CmaFree:               0 kB
HugePages_Total:       0
HugePages_Free:        0
HugePages_Rsvd:        0
HugePages_Surp:        0
Hugepagesize:       2048 kB
DirectMap4k:     3139008 kB
DirectMap2M:    13629440 kB


CPU:total 4 (4 cores per cpu, 1 threads per core) family 6 model 30 stepping 5, cmov, cx8, fxsr, mmx, sse, sse2, sse3, ssse3, sse4.1, sse4.2, popcnt, tsc, tscinvbit

/proc/cpuinfo:
processor	: 0
vendor_id	: GenuineIntel
cpu family	: 6
model		: 30
model name	: Intel(R) Core(TM) i5 CPU         760  @ 2.80GHz
stepping	: 5
microcode	: 0x7
cpu MHz		: 2267.000
cache size	: 8192 KB
physical id	: 0
siblings	: 4
core id		: 0
cpu cores	: 4
apicid		: 0
initial apicid	: 0
fpu		: yes
fpu_exception	: yes
cpuid level	: 11
wp		: yes
flags		: fpu vme de pse tsc msr pae mce cx8 apic sep mtrr pge mca cmov pat pse36 clflush dts acpi mmx fxsr sse sse2 ss ht tm pbe syscall nx rdtscp lm constant_tsc arch_perfmon pebs bts rep_good nopl xtopology nonstop_tsc aperfmperf pni dtes64 monitor ds_cpl vmx smx est tm2 ssse3 cx16 xtpr pdcm sse4_1 sse4_2 popcnt lahf_lm ida dtherm tpr_shadow vnmi flexpriority ept vpid
bugs		:
bogomips	: 5622.90
clflush size	: 64
cache_alignment	: 64
address sizes	: 36 bits physical, 48 bits virtual
power management:

processor	: 1
vendor_id	: GenuineIntel
cpu family	: 6
model		: 30
model name	: Intel(R) Core(TM) i5 CPU         760  @ 2.80GHz
stepping	: 5
microcode	: 0x7
cpu MHz		: 1200.000
cache size	: 8192 KB
physical id	: 0
siblings	: 4
core id		: 1
cpu cores	: 4
apicid		: 2
initial apicid	: 2
fpu		: yes
fpu_exception	: yes
cpuid level	: 11
wp		: yes
flags		: fpu vme de pse tsc msr pae mce cx8 apic sep mtrr pge mca cmov pat pse36 clflush dts acpi mmx fxsr sse sse2 ss ht tm pbe syscall nx rdtscp lm constant_tsc arch_perfmon pebs bts rep_good nopl xtopology nonstop_tsc aperfmperf pni dtes64 monitor ds_cpl vmx smx est tm2 ssse3 cx16 xtpr pdcm sse4_1 sse4_2 popcnt lahf_lm ida dtherm tpr_shadow vnmi flexpriority ept vpid
bugs		:
bogomips	: 5622.90
clflush size	: 64
cache_alignment	: 64
address sizes	: 36 bits physical, 48 bits virtual
power management:

processor	: 2
vendor_id	: GenuineIntel
cpu family	: 6
model		: 30
model name	: Intel(R) Core(TM) i5 CPU         760  @ 2.80GHz
stepping	: 5
microcode	: 0x7
cpu MHz		: 2801.000
cache size	: 8192 KB
physical id	: 0
siblings	: 4
core id		: 2
cpu cores	: 4
apicid		: 4
initial apicid	: 4
fpu		: yes
fpu_exception	: yes
cpuid level	: 11
wp		: yes
flags		: fpu vme de pse tsc msr pae mce cx8 apic sep mtrr pge mca cmov pat pse36 clflush dts acpi mmx fxsr sse sse2 ss ht tm pbe syscall nx rdtscp lm constant_tsc arch_perfmon pebs bts rep_good nopl xtopology nonstop_tsc aperfmperf pni dtes64 monitor ds_cpl vmx smx est tm2 ssse3 cx16 xtpr pdcm sse4_1 sse4_2 popcnt lahf_lm ida dtherm tpr_shadow vnmi flexpriority ept vpid
bugs		:
bogomips	: 5622.90
clflush size	: 64
cache_alignment	: 64
address sizes	: 36 bits physical, 48 bits virtual
power management:

processor	: 3
vendor_id	: GenuineIntel
cpu family	: 6
model		: 30
model name	: Intel(R) Core(TM) i5 CPU         760  @ 2.80GHz
stepping	: 5
microcode	: 0x7
cpu MHz		: 1733.000
cache size	: 8192 KB
physical id	: 0
siblings	: 4
core id		: 3
cpu cores	: 4
apicid		: 6
initial apicid	: 6
fpu		: yes
fpu_exception	: yes
cpuid level	: 11
wp		: yes
flags		: fpu vme de pse tsc msr pae mce cx8 apic sep mtrr pge mca cmov pat pse36 clflush dts acpi mmx fxsr sse sse2 ss ht tm pbe syscall nx rdtscp lm constant_tsc arch_perfmon pebs bts rep_good nopl xtopology nonstop_tsc aperfmperf pni dtes64 monitor ds_cpl vmx smx est tm2 ssse3 cx16 xtpr pdcm sse4_1 sse4_2 popcnt lahf_lm ida dtherm tpr_shadow vnmi flexpriority ept vpid
bugs		:
bogomips	: 5622.90
clflush size	: 64
cache_alignment	: 64
address sizes	: 36 bits physical, 48 bits virtual
power management:



Memory: 4k page, physical 16422080k(1973796k free), swap 8375292k(7746732k free)

vm_info: OpenJDK 64-Bit Server VM (25.45-b02) for linux-amd64 JRE (1.8.0_45-internal-b14), built on Apr 20 2015 00:35:04 by "buildd" with gcc 4.9.2

time: Sun Jun  4 15:13:26 2017
elapsed time: 12086 seconds (0d 3h 21m 26s)

